2026-01-07 17:23:34 | INFO     | Logging to: pca_results/logs/pca_analysis_20260107_172334.log
2026-01-07 17:23:34 | INFO     | ================================================================================
2026-01-07 17:23:34 | INFO     | Parallelization: Using 32 CPU cores
2026-01-07 17:23:34 | INFO     | 
2026-01-07 17:23:34 | INFO     | ################################################################################
2026-01-07 17:23:34 | INFO     | Processing dataset: santander
2026-01-07 17:23:34 | INFO     | ################################################################################
2026-01-07 17:23:34 | INFO     | 
2026-01-07 17:23:34 | INFO     | ================================================================================
2026-01-07 17:23:34 | INFO     | [SECTION 1: FROZEN MODEL] Dataset: santander
2026-01-07 17:23:34 | INFO     | ================================================================================
2026-01-07 17:23:35 | INFO     | Dataset shape: (200000, 200)
2026-01-07 17:23:36 | INFO     | Original features: 200
2026-01-07 17:23:36 | INFO     | Using frozen default hyperparameters
2026-01-07 17:23:36 | INFO     | Testing with ALL ORIGINAL FEATURES...
2026-01-07 17:23:42 | INFO     | Baseline: F1=0.4698 | AUC=0.8459 | Acc=0.8876
2026-01-07 17:23:42 | INFO     | Testing 33 PCA configurations...
2026-01-07 17:23:42 | INFO     | Precomputing PCA transformations...
2026-01-07 17:23:48 | INFO     | Running 11 batches in parallel...
2026-01-07 17:24:05 | INFO     | 
2026-01-07 17:24:05 | INFO     | Frozen Model Summary:
2026-01-07 17:24:05 | INFO     |   Baseline F1: 0.4698
2026-01-07 17:24:05 | INFO     |   Best PCA F1: 0.5019
2026-01-07 17:24:05 | INFO     |   Performance drop: -6.8%
2026-01-07 17:24:05 | INFO     | 
2026-01-07 17:24:05 | INFO     | ================================================================================
2026-01-07 17:24:05 | INFO     | [SECTION 2: OPTUNA-TUNED] Dataset: santander
2026-01-07 17:24:05 | INFO     | ================================================================================
2026-01-07 17:24:05 | INFO     | Running Optuna optimization (30 trials per config)
2026-01-07 17:24:06 | INFO     | Dataset shape: (200000, 200)
2026-01-07 17:24:07 | INFO     | Original features: 200
2026-01-07 17:24:07 | INFO     | Tuning hyperparameters for ALL ORIGINAL FEATURES...
2026-01-07 17:25:46 | INFO     | Baseline: F1=0.4904 | AUC=0.8555 | Acc=0.8910
2026-01-07 17:25:46 | INFO     | Testing 33 PCA configurations...
2026-01-07 17:25:46 | INFO     | Optimizing for 180 components...
2026-01-07 17:27:09 | INFO     | Optimizing for 162 components...
2026-01-07 17:28:43 | INFO     | Optimizing for 145 components...
2026-01-07 17:29:49 | INFO     | Optimizing for 130 components...
2026-01-07 17:31:01 | INFO     | Optimizing for 117 components...
2026-01-07 17:31:47 | INFO     | Optimizing for 105 components...
2026-01-07 17:32:39 | INFO     | Optimizing for 94 components...
2026-01-07 17:33:23 | INFO     | Optimizing for 84 components...
2026-01-07 17:34:00 | INFO     | Optimizing for 75 components...
2026-01-07 17:34:37 | INFO     | Optimizing for 67 components...
2026-01-07 17:35:08 | INFO     | Optimizing for 60 components...
2026-01-07 17:35:35 | INFO     | Optimizing for 54 components...
2026-01-07 17:36:00 | INFO     | Optimizing for 48 components...
2026-01-07 17:36:20 | INFO     | Optimizing for 43 components...
2026-01-07 17:36:39 | INFO     | Optimizing for 38 components...
2026-01-07 17:36:59 | INFO     | Optimizing for 34 components...
2026-01-07 17:37:13 | INFO     | Optimizing for 30 components...
2026-01-07 17:37:28 | INFO     | Optimizing for 27 components...
2026-01-07 17:37:41 | INFO     | Optimizing for 24 components...
2026-01-07 17:37:56 | INFO     | Optimizing for 21 components...
2026-01-07 17:38:06 | INFO     | Optimizing for 18 components...
2026-01-07 17:38:15 | INFO     | Optimizing for 16 components...
2026-01-07 17:38:23 | INFO     | Optimizing for 14 components...
2026-01-07 17:38:30 | INFO     | Optimizing for 12 components...
2026-01-07 17:38:37 | INFO     | Optimizing for 10 components...
2026-01-07 17:38:44 | INFO     | Optimizing for 9 components...
2026-01-07 17:38:51 | INFO     | Optimizing for 8 components...
2026-01-07 17:38:56 | INFO     | Optimizing for 7 components...
2026-01-07 17:39:01 | INFO     | Optimizing for 6 components...
2026-01-07 17:39:07 | INFO     | Optimizing for 5 components...
2026-01-07 17:39:11 | INFO     | Optimizing for 4 components...
2026-01-07 17:39:16 | INFO     | Optimizing for 3 components...
2026-01-07 17:39:20 | INFO     | Optimizing for 2 components...
2026-01-07 17:39:24 | INFO     | 
2026-01-07 17:39:24 | INFO     | Tuned Model Summary:
2026-01-07 17:39:24 | INFO     |   Baseline F1: 0.4904
2026-01-07 17:39:24 | INFO     |   Best PCA F1: 0.5020
2026-01-07 17:39:24 | INFO     |   Performance drop: -2.4%
2026-01-07 17:39:24 | INFO     | 
2026-01-07 17:39:24 | INFO     | ================================================================================
2026-01-07 17:39:24 | INFO     | Generating plots and reports...
2026-01-07 17:39:24 | INFO     | ================================================================================
2026-01-07 17:39:25 | INFO     | Saved plot to: pca_results/santander/pca_summary_santander.png
2026-01-07 17:39:25 | INFO     | Saved JSON report to: pca_results/santander/pca_report_santander.json
