2026-01-10 12:45:30 | INFO     | Logging to: pca_results/logs/pca_analysis_20260110_124530.log
2026-01-10 12:45:30 | INFO     | ================================================================================
2026-01-10 12:45:30 | INFO     | Parallelization: Using 32 CPU cores
2026-01-10 12:45:30 | INFO     | 
2026-01-10 12:45:30 | INFO     | ################################################################################
2026-01-10 12:45:30 | INFO     | Processing dataset: application_data
2026-01-10 12:45:30 | INFO     | ################################################################################
2026-01-10 12:45:30 | INFO     | 
2026-01-10 12:45:30 | INFO     | ================================================================================
2026-01-10 12:45:30 | INFO     | [SECTION 1: FROZEN MODEL] Dataset: application_data
2026-01-10 12:45:30 | INFO     | ================================================================================
2026-01-10 12:45:31 | INFO     | Dataset shape: (307511, 121)
2026-01-10 12:45:31 | INFO     | Original features: 121
2026-01-10 12:45:31 | INFO     | Using frozen default hyperparameters
2026-01-10 12:45:31 | INFO     | Testing with ALL ORIGINAL FEATURES...
2026-01-10 12:45:35 | INFO     | Baseline: F1=0.2909 | AUC=0.7472 | Acc=0.8515
2026-01-10 12:45:35 | INFO     | Testing 28 PCA configurations...
2026-01-10 12:45:35 | INFO     | Precomputing PCA transformations...
2026-01-10 12:45:39 | INFO     | Running 10 batches in parallel...
2026-01-10 12:45:55 | INFO     | F1 dropped below 0.1909 at 3 components
2026-01-10 12:45:55 | INFO     | F1 dropped below 0.1909 at 2 components
2026-01-10 12:45:55 | INFO     | 
2026-01-10 12:45:55 | INFO     | Frozen Model Summary:
2026-01-10 12:45:55 | INFO     |   Baseline F1: 0.2909
2026-01-10 12:45:55 | INFO     |   Best PCA F1: 0.2670
2026-01-10 12:45:55 | INFO     |   Performance drop: 8.2%
2026-01-10 12:45:55 | INFO     | 
2026-01-10 12:45:55 | INFO     | ================================================================================
2026-01-10 12:45:55 | INFO     | [SECTION 2: OPTUNA-TUNED] Dataset: application_data
2026-01-10 12:45:55 | INFO     | ================================================================================
2026-01-10 12:45:55 | INFO     | Running Optuna optimization (30 trials per config)
2026-01-10 12:45:56 | INFO     | Dataset shape: (307511, 121)
2026-01-10 12:45:57 | INFO     | Original features: 121
2026-01-10 12:45:57 | INFO     | Tuning hyperparameters for ALL ORIGINAL FEATURES...
2026-01-10 12:46:48 | INFO     | Baseline: F1=0.3029 | AUC=0.7548 | Acc=0.8371
2026-01-10 12:46:48 | INFO     | Testing 28 PCA configurations...
2026-01-10 12:46:48 | INFO     | Optimizing for 108 components...
2026-01-10 12:48:29 | INFO     | Optimizing for 97 components...
2026-01-10 12:50:00 | INFO     | Optimizing for 87 components...
2026-01-10 12:51:27 | INFO     | Optimizing for 78 components...
2026-01-10 12:52:21 | INFO     | Optimizing for 70 components...
2026-01-10 12:53:17 | INFO     | Optimizing for 63 components...
2026-01-10 12:54:06 | INFO     | Optimizing for 56 components...
2026-01-10 12:54:45 | INFO     | Optimizing for 50 components...
2026-01-10 12:55:35 | INFO     | Optimizing for 45 components...
2026-01-10 12:56:15 | INFO     | Optimizing for 40 components...
2026-01-10 12:56:55 | INFO     | Optimizing for 36 components...
2026-01-10 12:57:24 | INFO     | Optimizing for 32 components...
2026-01-10 12:57:59 | INFO     | Optimizing for 28 components...
2026-01-10 12:58:19 | INFO     | Optimizing for 25 components...
2026-01-10 12:58:41 | INFO     | Optimizing for 22 components...
2026-01-10 12:59:07 | INFO     | Optimizing for 19 components...
2026-01-10 12:59:25 | INFO     | Optimizing for 17 components...
2026-01-10 12:59:47 | INFO     | Optimizing for 15 components...
2026-01-10 13:00:01 | INFO     | Optimizing for 13 components...
2026-01-10 13:00:13 | INFO     | Optimizing for 11 components...
2026-01-10 13:00:30 | INFO     | Optimizing for 9 components...
2026-01-10 13:00:45 | INFO     | Optimizing for 8 components...
2026-01-10 13:00:58 | INFO     | F1 dropped below 0.2029, stopping
2026-01-10 13:00:58 | INFO     | 
2026-01-10 13:00:58 | INFO     | Tuned Model Summary:
2026-01-10 13:00:58 | INFO     |   Baseline F1: 0.3029
2026-01-10 13:00:58 | INFO     |   Best PCA F1: 0.2694
2026-01-10 13:00:58 | INFO     |   Performance drop: 11.1%
2026-01-10 13:00:58 | INFO     | 
2026-01-10 13:00:58 | INFO     | ================================================================================
2026-01-10 13:00:58 | INFO     | Generating plots and reports...
2026-01-10 13:00:58 | INFO     | ================================================================================
2026-01-10 13:00:59 | INFO     | Saved plot to: pca_results/application_data/pca_summary_application_data.png
2026-01-10 13:00:59 | INFO     | Saved JSON report to: pca_results/application_data/pca_report_application_data.json
