2026-01-07 17:17:38 | INFO     | Logging to: pca_results/logs/pca_analysis_20260107_171738.log
2026-01-07 17:17:38 | INFO     | ================================================================================
2026-01-07 17:17:38 | INFO     | Parallelization: Using 32 CPU cores
2026-01-07 17:17:38 | INFO     | 
2026-01-07 17:17:38 | INFO     | ################################################################################
2026-01-07 17:17:38 | INFO     | Processing dataset: GAMETES_Epistasis_2_Way_1000atts_0.4H_EDM_1_EDM_1_1
2026-01-07 17:17:38 | INFO     | ################################################################################
2026-01-07 17:17:38 | INFO     | 
2026-01-07 17:17:38 | INFO     | ================================================================================
2026-01-07 17:17:38 | INFO     | [SECTION 1: FROZEN MODEL] Dataset: GAMETES_Epistasis_2_Way_1000atts_0.4H_EDM_1_EDM_1_1
2026-01-07 17:17:38 | INFO     | ================================================================================
2026-01-07 17:17:38 | INFO     | Dataset shape: (1600, 1000)
2026-01-07 17:17:38 | INFO     | Original features: 1000
2026-01-07 17:17:38 | INFO     | Using frozen default hyperparameters
2026-01-07 17:17:38 | INFO     | Testing with ALL ORIGINAL FEATURES...
2026-01-07 17:17:38 | INFO     | Baseline: F1=0.6325 | AUC=0.4881 | Acc=0.4625
2026-01-07 17:17:38 | INFO     | Testing 48 PCA configurations...
2026-01-07 17:17:38 | INFO     | Precomputing PCA transformations...
2026-01-07 17:17:42 | INFO     | Running 16 batches in parallel...
2026-01-07 17:17:44 | INFO     | 
2026-01-07 17:17:44 | INFO     | Frozen Model Summary:
2026-01-07 17:17:44 | INFO     |   Baseline F1: 0.6325
2026-01-07 17:17:44 | INFO     |   Best PCA F1: 0.6402
2026-01-07 17:17:44 | INFO     |   Performance drop: -1.2%
2026-01-07 17:17:44 | INFO     | 
2026-01-07 17:17:44 | INFO     | ================================================================================
2026-01-07 17:17:44 | INFO     | [SECTION 2: OPTUNA-TUNED] Dataset: GAMETES_Epistasis_2_Way_1000atts_0.4H_EDM_1_EDM_1_1
2026-01-07 17:17:44 | INFO     | ================================================================================
2026-01-07 17:17:44 | INFO     | Running Optuna optimization (30 trials per config)
2026-01-07 17:17:44 | INFO     | Dataset shape: (1600, 1000)
2026-01-07 17:17:44 | INFO     | Original features: 1000
2026-01-07 17:17:44 | INFO     | Tuning hyperparameters for ALL ORIGINAL FEATURES...
2026-01-07 17:17:45 | INFO     | Baseline: F1=0.6388 | AUC=0.5566 | Acc=0.4875
2026-01-07 17:17:45 | INFO     | Testing 48 PCA configurations...
2026-01-07 17:17:45 | INFO     | Optimizing for 900 components...
2026-01-07 17:18:05 | INFO     | Optimizing for 810 components...
2026-01-07 17:18:13 | INFO     | Optimizing for 729 components...
2026-01-07 17:18:20 | INFO     | Optimizing for 656 components...
2026-01-07 17:18:38 | INFO     | Optimizing for 590 components...
2026-01-07 17:18:58 | INFO     | Optimizing for 531 components...
2026-01-07 17:19:28 | INFO     | Optimizing for 477 components...
2026-01-07 17:19:38 | INFO     | Optimizing for 429 components...
2026-01-07 17:19:55 | INFO     | Optimizing for 386 components...
2026-01-07 17:20:04 | INFO     | Optimizing for 347 components...
2026-01-07 17:20:12 | INFO     | Optimizing for 312 components...
2026-01-07 17:20:17 | INFO     | Optimizing for 280 components...
2026-01-07 17:20:19 | INFO     | Optimizing for 252 components...
2026-01-07 17:20:27 | INFO     | Optimizing for 226 components...
2026-01-07 17:20:31 | INFO     | Optimizing for 203 components...
2026-01-07 17:20:33 | INFO     | Optimizing for 182 components...
2026-01-07 17:20:35 | INFO     | Optimizing for 163 components...
2026-01-07 17:20:36 | INFO     | Optimizing for 146 components...
2026-01-07 17:20:38 | INFO     | Optimizing for 131 components...
2026-01-07 17:20:39 | INFO     | Optimizing for 117 components...
2026-01-07 17:20:41 | INFO     | Optimizing for 105 components...
2026-01-07 17:20:43 | INFO     | Optimizing for 94 components...
2026-01-07 17:20:44 | INFO     | Optimizing for 84 components...
2026-01-07 17:20:46 | INFO     | Optimizing for 75 components...
2026-01-07 17:20:46 | INFO     | Optimizing for 67 components...
2026-01-07 17:20:47 | INFO     | Optimizing for 60 components...
2026-01-07 17:20:48 | INFO     | Optimizing for 54 components...
2026-01-07 17:20:49 | INFO     | Optimizing for 48 components...
2026-01-07 17:20:49 | INFO     | Optimizing for 43 components...
2026-01-07 17:20:50 | INFO     | Optimizing for 38 components...
2026-01-07 17:20:50 | INFO     | Optimizing for 34 components...
2026-01-07 17:20:51 | INFO     | Optimizing for 30 components...
2026-01-07 17:20:52 | INFO     | Optimizing for 27 components...
2026-01-07 17:20:53 | INFO     | Optimizing for 24 components...
2026-01-07 17:20:53 | INFO     | Optimizing for 21 components...
2026-01-07 17:20:54 | INFO     | Optimizing for 18 components...
2026-01-07 17:20:55 | INFO     | Optimizing for 16 components...
2026-01-07 17:20:55 | INFO     | Optimizing for 14 components...
2026-01-07 17:20:56 | INFO     | Optimizing for 12 components...
2026-01-07 17:20:56 | INFO     | Optimizing for 10 components...
2026-01-07 17:20:57 | INFO     | Optimizing for 9 components...
2026-01-07 17:20:57 | INFO     | Optimizing for 8 components...
2026-01-07 17:20:58 | INFO     | Optimizing for 7 components...
2026-01-07 17:20:58 | INFO     | Optimizing for 6 components...
2026-01-07 17:20:59 | INFO     | Optimizing for 5 components...
2026-01-07 17:21:00 | INFO     | Optimizing for 4 components...
2026-01-07 17:21:00 | INFO     | Optimizing for 3 components...
2026-01-07 17:21:01 | INFO     | Optimizing for 2 components...
2026-01-07 17:21:02 | INFO     | 
2026-01-07 17:21:02 | INFO     | Tuned Model Summary:
2026-01-07 17:21:02 | INFO     |   Baseline F1: 0.6388
2026-01-07 17:21:02 | INFO     |   Best PCA F1: 0.6491
2026-01-07 17:21:02 | INFO     |   Performance drop: -1.6%
2026-01-07 17:21:02 | INFO     | 
2026-01-07 17:21:02 | INFO     | ================================================================================
2026-01-07 17:21:02 | INFO     | Generating plots and reports...
2026-01-07 17:21:02 | INFO     | ================================================================================
2026-01-07 17:21:02 | INFO     | Saved plot to: pca_results/GAMETES_Epistasis_2_Way_1000atts_0.4H_EDM_1_EDM_1_1/pca_summary_GAMETES_Epistasis_2_Way_1000atts_0.4H_EDM_1_EDM_1_1.png
2026-01-07 17:21:02 | INFO     | Saved JSON report to: pca_results/GAMETES_Epistasis_2_Way_1000atts_0.4H_EDM_1_EDM_1_1/pca_report_GAMETES_Epistasis_2_Way_1000atts_0.4H_EDM_1_EDM_1_1.json
