2026-01-13 17:33:58 | INFO     | Logging to: pca_results/logs/pca_analysis_20260113_173358.log
2026-01-13 17:33:58 | INFO     | ================================================================================
2026-01-13 17:33:58 | WARNING  | ⚠ GPU not available, falling back to CPU: Invalid Input: 'gpu_hist', valid values are: {'approx', 'auto', 'exact', 'hist'}
2026-01-13 17:33:58 | INFO     |   To enable GPU: ensure CUDA toolkit is installed and xgboost supports GPU
2026-01-13 17:33:58 | INFO     | Parallelization: Using 32 CPU cores
2026-01-13 17:33:58 | INFO     | Minimum recall threshold: 90% of baseline
2026-01-13 17:33:58 | INFO     | F2 weight: 70%, Time weight: 30%
2026-01-13 17:33:58 | INFO     | 
2026-01-13 17:33:58 | INFO     | ################################################################################
2026-01-13 17:33:58 | INFO     | Processing dataset: small
2026-01-13 17:33:58 | INFO     | ################################################################################
2026-01-13 17:33:58 | INFO     | 
2026-01-13 17:33:58 | INFO     | ================================================================================
2026-01-13 17:33:58 | INFO     | [SECTION 1: FROZEN MODEL] Dataset: small
2026-01-13 17:33:58 | INFO     | ================================================================================
2026-01-13 17:33:58 | INFO     | Dataset shape: (1999, 121)
2026-01-13 17:33:58 | INFO     | Original features: 121
2026-01-13 17:33:58 | INFO     | Using frozen default hyperparameters
2026-01-13 17:33:58 | INFO     | Testing with ALL ORIGINAL FEATURES...
2026-01-13 17:33:58 | INFO     | Baseline: F1=0.1864 | F2=0.3552 | AUC=0.6940 | Time=0.02s | Recall=0.8966
2026-01-13 17:33:58 | INFO     | Testing 28 PCA configurations...
2026-01-13 17:33:58 | INFO     | Precomputing PCA transformations...
2026-01-13 17:33:58 | INFO     | Running 10 batches in parallel...
2026-01-13 17:34:00 | INFO     | 
2026-01-13 17:34:00 | INFO     | Frozen Model Summary:
2026-01-13 17:34:00 | INFO     |   Baseline F2: 0.3552
2026-01-13 17:34:00 | INFO     |   Best PCA F2: 0.3670
2026-01-13 17:34:00 | INFO     |   Best efficiency score: 0.9450
2026-01-13 17:34:00 | INFO     |   Performance drop: -7.3%
2026-01-13 17:34:00 | INFO     | 
2026-01-13 17:34:00 | INFO     | ================================================================================
2026-01-13 17:34:00 | INFO     | [SECTION 2: OPTUNA-TUNED] Dataset: small
2026-01-13 17:34:00 | INFO     | ================================================================================
2026-01-13 17:34:00 | INFO     | Running Optuna optimization (30 trials per config)
2026-01-13 17:34:00 | INFO     | Dataset shape: (1999, 121)
2026-01-13 17:34:00 | INFO     | Original features: 121
2026-01-13 17:34:00 | INFO     | Tuning hyperparameters for ALL ORIGINAL FEATURES...
2026-01-13 17:34:00 | INFO     | Baseline: F1=0.2609 | F2=0.3713 | AUC=0.7094 | Time=0.08s | Recall=0.5172
2026-01-13 17:34:00 | INFO     | Testing 28 PCA configurations...
2026-01-13 17:34:00 | INFO     | Optimizing for 108 components...
2026-01-13 17:34:02 | INFO     | Optimizing for 97 components...
2026-01-13 17:34:04 | INFO     | Optimizing for 87 components...
2026-01-13 17:34:06 | INFO     | Optimizing for 78 components...
2026-01-13 17:34:07 | INFO     | Optimizing for 70 components...
2026-01-13 17:34:08 | INFO     | Optimizing for 63 components...
2026-01-13 17:34:09 | INFO     | Optimizing for 56 components...
2026-01-13 17:34:10 | INFO     | Optimizing for 50 components...
2026-01-13 17:34:11 | INFO     | Optimizing for 45 components...
2026-01-13 17:34:11 | INFO     | Optimizing for 40 components...
2026-01-13 17:34:12 | INFO     | Optimizing for 36 components...
2026-01-13 17:34:12 | INFO     | Optimizing for 32 components...
2026-01-13 17:34:13 | INFO     | Optimizing for 28 components...
2026-01-13 17:34:14 | INFO     | Optimizing for 25 components...
2026-01-13 17:34:15 | INFO     | Optimizing for 22 components...
2026-01-13 17:34:15 | INFO     | Optimizing for 19 components...
2026-01-13 17:34:16 | INFO     | Optimizing for 17 components...
2026-01-13 17:34:16 | INFO     | Optimizing for 15 components...
2026-01-13 17:34:17 | INFO     | Optimizing for 13 components...
2026-01-13 17:34:17 | INFO     | Optimizing for 11 components...
2026-01-13 17:34:18 | INFO     | Optimizing for 9 components...
2026-01-13 17:34:18 | INFO     | Optimizing for 8 components...
2026-01-13 17:34:19 | INFO     | Optimizing for 7 components...
2026-01-13 17:34:19 | INFO     | Optimizing for 6 components...
2026-01-13 17:34:20 | INFO     | Optimizing for 5 components...
2026-01-13 17:34:21 | INFO     | Optimizing for 4 components...
2026-01-13 17:34:22 | INFO     | Optimizing for 3 components...
2026-01-13 17:34:23 | INFO     | Optimizing for 2 components...
2026-01-13 17:34:24 | INFO     | 
2026-01-13 17:34:24 | INFO     | Tuned Model Summary:
2026-01-13 17:34:24 | INFO     |   Baseline F2: 0.3713
2026-01-13 17:34:24 | INFO     |   Best PCA F2: 0.3935
2026-01-13 17:34:24 | INFO     |   Best efficiency score: 0.9495
2026-01-13 17:34:24 | INFO     |   Performance drop: -1.0%
2026-01-13 17:34:24 | INFO     | 
2026-01-13 17:34:24 | INFO     | ================================================================================
2026-01-13 17:34:24 | INFO     | Generating plots and reports...
2026-01-13 17:34:24 | INFO     | ================================================================================
2026-01-13 17:34:24 | INFO     | Saved plot to: pca_results/small/pca_summary_small.png
2026-01-13 17:34:24 | INFO     | Saved JSON report to: pca_results/small/pca_report_small.json
