2026-01-13 17:22:51 | INFO     | Logging to: pca_results/logs/pca_analysis_20260113_172251.log
2026-01-13 17:22:51 | INFO     | ================================================================================
2026-01-13 17:22:51 | INFO     | Parallelization: Using 32 CPU cores
2026-01-13 17:22:51 | INFO     | Minimum recall threshold: 90% of baseline
2026-01-13 17:22:51 | INFO     | F2 weight: 70%, Time weight: 30%
2026-01-13 17:22:51 | INFO     | 
2026-01-13 17:22:51 | INFO     | ################################################################################
2026-01-13 17:22:51 | INFO     | Processing dataset: small
2026-01-13 17:22:51 | INFO     | ################################################################################
2026-01-13 17:22:51 | INFO     | 
2026-01-13 17:22:51 | INFO     | ================================================================================
2026-01-13 17:22:51 | INFO     | [SECTION 1: FROZEN MODEL] Dataset: small
2026-01-13 17:22:51 | INFO     | ================================================================================
2026-01-13 17:22:51 | INFO     | Dataset shape: (1999, 121)
2026-01-13 17:22:51 | INFO     | Original features: 121
2026-01-13 17:22:51 | INFO     | Using frozen default hyperparameters
2026-01-13 17:22:51 | INFO     | Testing with ALL ORIGINAL FEATURES...
2026-01-13 17:22:51 | INFO     | Baseline: F1=0.1864 | F2=0.3552 | AUC=0.6940 | Time=0.27s | Recall=0.8966
2026-01-13 17:22:51 | INFO     | Testing 28 PCA configurations...
2026-01-13 17:22:51 | INFO     | Precomputing PCA transformations...
2026-01-13 17:22:51 | INFO     | Running 10 batches in parallel...
2026-01-13 17:22:53 | INFO     | 
2026-01-13 17:22:53 | INFO     | Frozen Model Summary:
2026-01-13 17:22:53 | INFO     |   Baseline F2: 0.3552
2026-01-13 17:22:53 | INFO     |   Best PCA F2: 0.3670
2026-01-13 17:22:53 | INFO     |   Best efficiency score: 0.9965
2026-01-13 17:22:53 | INFO     |   Performance drop: -7.3%
2026-01-13 17:22:53 | INFO     | 
2026-01-13 17:22:53 | INFO     | ================================================================================
2026-01-13 17:22:53 | INFO     | [SECTION 2: OPTUNA-TUNED] Dataset: small
2026-01-13 17:22:53 | INFO     | ================================================================================
2026-01-13 17:22:53 | INFO     | Running Optuna optimization (30 trials per config)
2026-01-13 17:22:53 | INFO     | Dataset shape: (1999, 121)
2026-01-13 17:22:53 | INFO     | Original features: 121
2026-01-13 17:22:53 | INFO     | Tuning hyperparameters for ALL ORIGINAL FEATURES...
2026-01-13 17:22:53 | INFO     | Baseline: F1=0.2857 | F2=0.4126 | AUC=0.7439 | Time=0.03s | Recall=0.5862
2026-01-13 17:22:53 | INFO     | Testing 28 PCA configurations...
2026-01-13 17:22:53 | INFO     | Optimizing for 108 components...
2026-01-13 17:22:55 | INFO     | Optimizing for 97 components...
2026-01-13 17:22:57 | INFO     | Optimizing for 87 components...
2026-01-13 17:22:59 | INFO     | Optimizing for 78 components...
2026-01-13 17:23:00 | INFO     | Optimizing for 70 components...
2026-01-13 17:23:01 | INFO     | Optimizing for 63 components...
2026-01-13 17:23:03 | INFO     | Optimizing for 56 components...
2026-01-13 17:23:04 | INFO     | Optimizing for 50 components...
2026-01-13 17:23:05 | INFO     | Optimizing for 45 components...
2026-01-13 17:23:06 | INFO     | Optimizing for 40 components...
2026-01-13 17:23:06 | INFO     | Optimizing for 36 components...
2026-01-13 17:23:07 | INFO     | Optimizing for 32 components...
2026-01-13 17:23:08 | INFO     | Optimizing for 28 components...
2026-01-13 17:23:08 | INFO     | Optimizing for 25 components...
2026-01-13 17:23:09 | INFO     | Optimizing for 22 components...
2026-01-13 17:23:09 | INFO     | Optimizing for 19 components...
2026-01-13 17:23:10 | INFO     | Optimizing for 17 components...
2026-01-13 17:23:10 | INFO     | Optimizing for 15 components...
2026-01-13 17:23:11 | INFO     | Optimizing for 13 components...
2026-01-13 17:23:11 | INFO     | Optimizing for 11 components...
2026-01-13 17:23:12 | INFO     | Optimizing for 9 components...
2026-01-13 17:23:12 | INFO     | Optimizing for 8 components...
2026-01-13 17:23:13 | INFO     | Optimizing for 7 components...
2026-01-13 17:23:14 | INFO     | Optimizing for 6 components...
2026-01-13 17:23:15 | INFO     | Optimizing for 5 components...
2026-01-13 17:23:15 | INFO     | Optimizing for 4 components...
2026-01-13 17:23:16 | INFO     | Optimizing for 3 components...
2026-01-13 17:23:17 | INFO     | Optimizing for 2 components...
2026-01-13 17:23:18 | INFO     | 
2026-01-13 17:23:18 | INFO     | Tuned Model Summary:
2026-01-13 17:23:18 | INFO     |   Baseline F2: 0.4126
2026-01-13 17:23:18 | INFO     |   Best PCA F2: 0.3933
2026-01-13 17:23:18 | INFO     |   Best efficiency score: 0.6672
2026-01-13 17:23:18 | INFO     |   Performance drop: 18.3%
2026-01-13 17:23:18 | INFO     | 
2026-01-13 17:23:18 | INFO     | ================================================================================
2026-01-13 17:23:18 | INFO     | Generating plots and reports...
2026-01-13 17:23:18 | INFO     | ================================================================================
2026-01-13 17:23:19 | INFO     | Saved plot to: pca_results/small/pca_summary_small.png
2026-01-13 17:23:19 | INFO     | Saved JSON report to: pca_results/small/pca_report_small.json
