2026-01-07 16:31:02 | INFO     | Logging to: pca_results/logs/pca_analysis_20260107_163102.log
2026-01-07 16:31:02 | INFO     | ================================================================================
2026-01-07 16:31:02 | INFO     | Parallelization: Using 32 CPU cores
2026-01-07 16:31:02 | INFO     | 
2026-01-07 16:31:02 | INFO     | ################################################################################
2026-01-07 16:31:02 | INFO     | Processing dataset: test_data
2026-01-07 16:31:02 | INFO     | ################################################################################
2026-01-07 16:31:02 | INFO     | 
2026-01-07 16:31:02 | INFO     | ================================================================================
2026-01-07 16:31:02 | INFO     | [SECTION 1: FROZEN MODEL] Dataset: test_data
2026-01-07 16:31:02 | INFO     | ================================================================================
2026-01-07 16:31:02 | INFO     | Dataset shape: (1000, 3)
2026-01-07 16:31:02 | WARNING  | Skipping dataset test_data: target is not binary (unique values: [-30.59188414 -30.13717272 -30.09397712 -30.08215618 -30.061893
 -29.98898235 -29.9472886  -29.88090732 -29.7206928  -29.65769909])
2026-01-07 16:31:02 | INFO     | 
2026-01-07 16:31:02 | INFO     | ================================================================================
2026-01-07 16:31:02 | INFO     | [SECTION 2: OPTUNA-TUNED] Dataset: test_data
2026-01-07 16:31:02 | INFO     | ================================================================================
2026-01-07 16:31:02 | INFO     | Running Optuna optimization (30 trials per config)
2026-01-07 16:31:02 | INFO     | Dataset shape: (1000, 3)
2026-01-07 16:31:02 | WARNING  | Skipping dataset test_data: target is not binary (unique values: [-30.59188414 -30.13717272 -30.09397712 -30.08215618 -30.061893
 -29.98898235 -29.9472886  -29.88090732 -29.7206928  -29.65769909])
2026-01-07 16:31:02 | INFO     | 
2026-01-07 16:31:02 | INFO     | ================================================================================
2026-01-07 16:31:02 | INFO     | Generating plots and reports...
2026-01-07 16:31:02 | INFO     | ================================================================================
