2026-01-07 16:31:11 | INFO     | Logging to: pca_results/logs/pca_analysis_20260107_163111.log
2026-01-07 16:31:11 | INFO     | ================================================================================
2026-01-07 16:31:11 | INFO     | Parallelization: Using 32 CPU cores
2026-01-07 16:31:11 | INFO     | 
2026-01-07 16:31:11 | INFO     | ################################################################################
2026-01-07 16:31:11 | INFO     | Processing dataset: coil2000
2026-01-07 16:31:11 | INFO     | ################################################################################
2026-01-07 16:31:11 | INFO     | 
2026-01-07 16:31:11 | INFO     | ================================================================================
2026-01-07 16:31:11 | INFO     | [SECTION 1: FROZEN MODEL] Dataset: coil2000
2026-01-07 16:31:11 | INFO     | ================================================================================
2026-01-07 16:31:11 | INFO     | Dataset shape: (9822, 85)
2026-01-07 16:31:11 | INFO     | Original features: 85
2026-01-07 16:31:11 | INFO     | Using frozen default hyperparameters
2026-01-07 16:31:11 | INFO     | Testing with ALL ORIGINAL FEATURES...
2026-01-07 16:31:11 | INFO     | Baseline: F1=0.2033 | AUC=0.7039 | Acc=0.8524
2026-01-07 16:31:11 | INFO     | Testing 25 PCA configurations...
2026-01-07 16:31:11 | INFO     | Precomputing PCA transformations...
2026-01-07 16:31:11 | INFO     | Running 9 batches in parallel...
2026-01-07 16:31:13 | INFO     | 
2026-01-07 16:31:13 | INFO     | Frozen Model Summary:
2026-01-07 16:31:13 | INFO     |   Baseline F1: 0.2033
2026-01-07 16:31:13 | INFO     |   Best PCA F1: 0.2045
2026-01-07 16:31:13 | INFO     |   Performance drop: -0.6%
2026-01-07 16:31:13 | INFO     | 
2026-01-07 16:31:13 | INFO     | ================================================================================
2026-01-07 16:31:13 | INFO     | [SECTION 2: OPTUNA-TUNED] Dataset: coil2000
2026-01-07 16:31:13 | INFO     | ================================================================================
2026-01-07 16:31:13 | INFO     | Running Optuna optimization (30 trials per config)
2026-01-07 16:31:13 | INFO     | Dataset shape: (9822, 85)
2026-01-07 16:31:13 | INFO     | Original features: 85
2026-01-07 16:31:13 | INFO     | Tuning hyperparameters for ALL ORIGINAL FEATURES...
2026-01-07 16:31:14 | INFO     | Baseline: F1=0.1026 | AUC=0.7008 | Acc=0.9109
2026-01-07 16:31:14 | INFO     | Testing 25 PCA configurations...
2026-01-07 16:31:14 | INFO     | Optimizing for 76 components...
2026-01-07 16:31:20 | INFO     | Optimizing for 68 components...
2026-01-07 16:31:23 | INFO     | Optimizing for 61 components...
2026-01-07 16:31:27 | INFO     | Optimizing for 54 components...
2026-01-07 16:31:31 | INFO     | Optimizing for 48 components...
2026-01-07 16:31:33 | INFO     | Optimizing for 43 components...
2026-01-07 16:31:36 | INFO     | Optimizing for 38 components...
2026-01-07 16:31:38 | INFO     | Optimizing for 34 components...
2026-01-07 16:31:40 | INFO     | Optimizing for 30 components...
2026-01-07 16:31:42 | INFO     | Optimizing for 27 components...
2026-01-07 16:31:43 | INFO     | Optimizing for 24 components...
2026-01-07 16:31:45 | INFO     | Optimizing for 21 components...
2026-01-07 16:31:47 | INFO     | Optimizing for 18 components...
2026-01-07 16:31:48 | INFO     | Optimizing for 16 components...
2026-01-07 16:31:49 | INFO     | Optimizing for 14 components...
2026-01-07 16:31:51 | INFO     | Optimizing for 12 components...
2026-01-07 16:31:52 | INFO     | Optimizing for 10 components...
2026-01-07 16:31:53 | INFO     | Optimizing for 9 components...
2026-01-07 16:31:53 | INFO     | Optimizing for 8 components...
2026-01-07 16:31:54 | INFO     | Optimizing for 7 components...
2026-01-07 16:31:55 | INFO     | Optimizing for 6 components...
2026-01-07 16:31:55 | INFO     | Optimizing for 5 components...
2026-01-07 16:31:56 | INFO     | Optimizing for 4 components...
2026-01-07 16:31:57 | INFO     | Optimizing for 3 components...
2026-01-07 16:31:58 | INFO     | Optimizing for 2 components...
2026-01-07 16:31:58 | INFO     | 
2026-01-07 16:31:58 | INFO     | Tuned Model Summary:
2026-01-07 16:31:58 | INFO     |   Baseline F1: 0.1026
2026-01-07 16:31:58 | INFO     |   Best PCA F1: 0.2319
2026-01-07 16:31:58 | INFO     |   Performance drop: -126.1%
2026-01-07 16:31:58 | INFO     | 
2026-01-07 16:31:58 | INFO     | ================================================================================
2026-01-07 16:31:58 | INFO     | Generating plots and reports...
2026-01-07 16:31:58 | INFO     | ================================================================================
2026-01-07 16:31:59 | INFO     | Saved plot to: pca_results/coil2000/pca_summary_coil2000.png
2026-01-07 16:31:59 | INFO     | Saved JSON report to: pca_results/coil2000/pca_report_coil2000.json
