2026-01-13 17:20:26 | INFO     | Logging to: pca_results/logs/pca_analysis_20260113_172026.log
2026-01-13 17:20:26 | INFO     | ================================================================================
2026-01-13 17:20:26 | INFO     | Parallelization: Using 32 CPU cores
2026-01-13 17:20:26 | INFO     | Minimum recall threshold: 90% of baseline
2026-01-13 17:20:26 | INFO     | F2 weight: 70%, Time weight: 30%
2026-01-13 17:20:26 | INFO     | 
2026-01-13 17:20:26 | INFO     | ################################################################################
2026-01-13 17:20:26 | INFO     | Processing dataset: small
2026-01-13 17:20:26 | INFO     | ################################################################################
2026-01-13 17:20:26 | INFO     | 
2026-01-13 17:20:26 | INFO     | ================================================================================
2026-01-13 17:20:26 | INFO     | [SECTION 1: FROZEN MODEL] Dataset: small
2026-01-13 17:20:26 | INFO     | ================================================================================
2026-01-13 17:20:26 | INFO     | Dataset shape: (1999, 121)
2026-01-13 17:20:26 | INFO     | Original features: 121
2026-01-13 17:20:26 | INFO     | Using frozen default hyperparameters
2026-01-13 17:20:26 | INFO     | Testing with ALL ORIGINAL FEATURES...
2026-01-13 17:20:27 | INFO     | Baseline: F1=0.1864 | F2=0.3552 | AUC=0.6940 | Time=0.26s | Recall=0.8966
2026-01-13 17:20:27 | INFO     | Testing 28 PCA configurations...
2026-01-13 17:20:27 | INFO     | Precomputing PCA transformations...
2026-01-13 17:20:27 | INFO     | Running 10 batches in parallel...
2026-01-13 17:20:28 | ERROR    | Error running frozen analysis for small: 'test_f2'
2026-01-13 17:20:28 | INFO     | 
2026-01-13 17:20:28 | INFO     | ================================================================================
2026-01-13 17:20:28 | INFO     | [SECTION 2: OPTUNA-TUNED] Dataset: small
2026-01-13 17:20:28 | INFO     | ================================================================================
2026-01-13 17:20:28 | INFO     | Running Optuna optimization (30 trials per config)
2026-01-13 17:20:28 | INFO     | Dataset shape: (1999, 121)
2026-01-13 17:20:28 | INFO     | Original features: 121
2026-01-13 17:20:28 | INFO     | Tuning hyperparameters for ALL ORIGINAL FEATURES...
2026-01-13 17:20:29 | INFO     | Baseline: F1=0.2687 | F2=0.2922 | AUC=0.7047 | Time=0.02s | Recall=0.3103
2026-01-13 17:20:29 | INFO     | Testing 28 PCA configurations...
2026-01-13 17:20:29 | INFO     | Optimizing for 108 components...
2026-01-13 17:20:31 | INFO     | Optimizing for 97 components...
2026-01-13 17:20:32 | INFO     | Optimizing for 87 components...
2026-01-13 17:20:34 | INFO     | Optimizing for 78 components...
2026-01-13 17:20:35 | INFO     | Optimizing for 70 components...
2026-01-13 17:20:36 | INFO     | Optimizing for 63 components...
2026-01-13 17:20:37 | INFO     | Optimizing for 56 components...
2026-01-13 17:20:38 | INFO     | Optimizing for 50 components...
2026-01-13 17:20:38 | INFO     | Optimizing for 45 components...
2026-01-13 17:20:39 | INFO     | Optimizing for 40 components...
2026-01-13 17:20:39 | INFO     | Optimizing for 36 components...
2026-01-13 17:20:40 | INFO     | Optimizing for 32 components...
2026-01-13 17:20:41 | INFO     | Optimizing for 28 components...
2026-01-13 17:20:41 | INFO     | Optimizing for 25 components...
2026-01-13 17:20:42 | INFO     | Optimizing for 22 components...
2026-01-13 17:20:42 | INFO     | Optimizing for 19 components...
2026-01-13 17:20:43 | INFO     | Optimizing for 17 components...
2026-01-13 17:20:43 | INFO     | Optimizing for 15 components...
2026-01-13 17:20:44 | INFO     | Optimizing for 13 components...
2026-01-13 17:20:44 | INFO     | Optimizing for 11 components...
2026-01-13 17:20:45 | INFO     | Optimizing for 9 components...
2026-01-13 17:20:45 | INFO     | Optimizing for 8 components...
2026-01-13 17:20:46 | INFO     | Optimizing for 7 components...
2026-01-13 17:20:46 | INFO     | Optimizing for 6 components...
2026-01-13 17:20:47 | INFO     | Optimizing for 5 components...
2026-01-13 17:20:48 | INFO     | Optimizing for 4 components...
2026-01-13 17:20:49 | INFO     | Optimizing for 3 components...
2026-01-13 17:20:49 | INFO     | Optimizing for 2 components...
2026-01-13 17:20:50 | INFO     | 
2026-01-13 17:20:50 | INFO     | Tuned Model Summary:
2026-01-13 17:20:50 | INFO     |   Baseline F2: 0.2922
2026-01-13 17:20:50 | INFO     |   Best PCA F2: 0.3828
2026-01-13 17:20:50 | INFO     |   Best efficiency score: 0.8087
2026-01-13 17:20:50 | INFO     |   Performance drop: 2.4%
2026-01-13 17:20:50 | INFO     | 
2026-01-13 17:20:50 | INFO     | ================================================================================
2026-01-13 17:20:50 | INFO     | Generating plots and reports...
2026-01-13 17:20:50 | INFO     | ================================================================================
2026-01-13 17:20:51 | INFO     | Saved plot to: pca_results/small/pca_summary_small.png
2026-01-13 17:20:51 | INFO     | Saved JSON report to: pca_results/small/pca_report_small.json
