2026-01-07 16:31:59 | INFO     | Logging to: pca_results/logs/pca_analysis_20260107_163159.log
2026-01-07 16:31:59 | INFO     | ================================================================================
2026-01-07 16:31:59 | INFO     | Parallelization: Using 32 CPU cores
2026-01-07 16:31:59 | INFO     | 
2026-01-07 16:31:59 | INFO     | ################################################################################
2026-01-07 16:31:59 | INFO     | Processing dataset: santander
2026-01-07 16:31:59 | INFO     | ################################################################################
2026-01-07 16:31:59 | INFO     | 
2026-01-07 16:31:59 | INFO     | ================================================================================
2026-01-07 16:31:59 | INFO     | [SECTION 1: FROZEN MODEL] Dataset: santander
2026-01-07 16:31:59 | INFO     | ================================================================================
2026-01-07 16:32:01 | INFO     | Dataset shape: (200000, 200)
2026-01-07 16:32:02 | INFO     | Original features: 200
2026-01-07 16:32:02 | INFO     | Using frozen default hyperparameters
2026-01-07 16:32:02 | INFO     | Testing with ALL ORIGINAL FEATURES...
2026-01-07 16:32:08 | INFO     | Baseline: F1=0.4698 | AUC=0.8459 | Acc=0.8876
2026-01-07 16:32:08 | INFO     | Testing 33 PCA configurations...
2026-01-07 16:32:08 | INFO     | Precomputing PCA transformations...
2026-01-07 16:32:14 | INFO     | Running 11 batches in parallel...
2026-01-07 16:32:31 | INFO     | 
2026-01-07 16:32:31 | INFO     | Frozen Model Summary:
2026-01-07 16:32:31 | INFO     |   Baseline F1: 0.4698
2026-01-07 16:32:31 | INFO     |   Best PCA F1: 0.5019
2026-01-07 16:32:31 | INFO     |   Performance drop: -6.8%
2026-01-07 16:32:31 | INFO     | 
2026-01-07 16:32:31 | INFO     | ================================================================================
2026-01-07 16:32:31 | INFO     | [SECTION 2: OPTUNA-TUNED] Dataset: santander
2026-01-07 16:32:31 | INFO     | ================================================================================
2026-01-07 16:32:31 | INFO     | Running Optuna optimization (30 trials per config)
2026-01-07 16:32:32 | INFO     | Dataset shape: (200000, 200)
2026-01-07 16:32:33 | INFO     | Original features: 200
2026-01-07 16:32:33 | INFO     | Tuning hyperparameters for ALL ORIGINAL FEATURES...
2026-01-07 16:34:36 | INFO     | Baseline: F1=0.4973 | AUC=0.8623 | Acc=0.8959
2026-01-07 16:34:36 | INFO     | Testing 33 PCA configurations...
2026-01-07 16:34:36 | INFO     | Optimizing for 180 components...
2026-01-07 16:36:02 | INFO     | Optimizing for 162 components...
2026-01-07 16:37:06 | INFO     | Optimizing for 145 components...
2026-01-07 16:38:05 | INFO     | Optimizing for 130 components...
2026-01-07 16:38:59 | INFO     | Optimizing for 117 components...
2026-01-07 16:39:46 | INFO     | Optimizing for 105 components...
2026-01-07 16:40:37 | INFO     | Optimizing for 94 components...
2026-01-07 16:41:17 | INFO     | Optimizing for 84 components...
2026-01-07 16:41:58 | INFO     | Optimizing for 75 components...
2026-01-07 16:42:31 | INFO     | Optimizing for 67 components...
2026-01-07 16:43:03 | INFO     | Optimizing for 60 components...
2026-01-07 16:43:29 | INFO     | Optimizing for 54 components...
2026-01-07 16:43:57 | INFO     | Optimizing for 48 components...
2026-01-07 16:44:14 | INFO     | Optimizing for 43 components...
2026-01-07 16:44:35 | INFO     | Optimizing for 38 components...
2026-01-07 16:44:51 | INFO     | Optimizing for 34 components...
2026-01-07 16:45:07 | INFO     | Optimizing for 30 components...
2026-01-07 16:45:24 | INFO     | Optimizing for 27 components...
2026-01-07 16:45:36 | INFO     | Optimizing for 24 components...
2026-01-07 16:45:48 | INFO     | Optimizing for 21 components...
2026-01-07 16:45:58 | INFO     | Optimizing for 18 components...
2026-01-07 16:46:07 | INFO     | Optimizing for 16 components...
2026-01-07 16:46:16 | INFO     | Optimizing for 14 components...
2026-01-07 16:46:24 | INFO     | Optimizing for 12 components...
2026-01-07 16:46:31 | INFO     | Optimizing for 10 components...
2026-01-07 16:46:37 | INFO     | Optimizing for 9 components...
2026-01-07 16:46:43 | INFO     | Optimizing for 8 components...
2026-01-07 16:46:49 | INFO     | Optimizing for 7 components...
2026-01-07 16:46:54 | INFO     | Optimizing for 6 components...
2026-01-07 16:47:01 | INFO     | Optimizing for 5 components...
2026-01-07 16:47:07 | INFO     | Optimizing for 4 components...
2026-01-07 16:47:11 | INFO     | Optimizing for 3 components...
2026-01-07 16:47:16 | INFO     | Optimizing for 2 components...
2026-01-07 16:47:22 | INFO     | 
2026-01-07 16:47:22 | INFO     | Tuned Model Summary:
2026-01-07 16:47:22 | INFO     |   Baseline F1: 0.4973
2026-01-07 16:47:22 | INFO     |   Best PCA F1: 0.5030
2026-01-07 16:47:22 | INFO     |   Performance drop: -1.1%
2026-01-07 16:47:22 | INFO     | 
2026-01-07 16:47:22 | INFO     | ================================================================================
2026-01-07 16:47:22 | INFO     | Generating plots and reports...
2026-01-07 16:47:22 | INFO     | ================================================================================
2026-01-07 16:47:22 | INFO     | Saved plot to: pca_results/santander/pca_summary_santander.png
2026-01-07 16:47:22 | INFO     | Saved JSON report to: pca_results/santander/pca_report_santander.json
