2026-01-07 16:26:37 | INFO     | Logging to: pca_results/logs/pca_analysis_20260107_162637.log
2026-01-07 16:26:37 | INFO     | ================================================================================
2026-01-07 16:26:37 | INFO     | Parallelization: Using 32 CPU cores
2026-01-07 16:26:37 | INFO     | 
2026-01-07 16:26:37 | INFO     | ################################################################################
2026-01-07 16:26:37 | INFO     | Processing dataset: creditcard
2026-01-07 16:26:37 | INFO     | ################################################################################
2026-01-07 16:26:37 | INFO     | 
2026-01-07 16:26:37 | INFO     | ================================================================================
2026-01-07 16:26:37 | INFO     | [SECTION 1: FROZEN MODEL] Dataset: creditcard
2026-01-07 16:26:37 | INFO     | ================================================================================
2026-01-07 16:26:38 | INFO     | Dataset shape: (284807, 30)
2026-01-07 16:26:38 | INFO     | Original features: 30
2026-01-07 16:26:38 | INFO     | Using frozen default hyperparameters
2026-01-07 16:26:38 | INFO     | Testing with ALL ORIGINAL FEATURES...
2026-01-07 16:26:39 | INFO     | Baseline: F1=0.8660 | AUC=0.9769 | Acc=0.9995
2026-01-07 16:26:39 | INFO     | Testing 16 PCA configurations...
2026-01-07 16:26:39 | INFO     | Precomputing PCA transformations...
2026-01-07 16:26:40 | INFO     | Running 6 batches in parallel...
2026-01-07 16:26:44 | INFO     | F1 dropped below 0.7660 at 5 components
2026-01-07 16:26:44 | INFO     | F1 dropped below 0.7660 at 4 components
2026-01-07 16:26:44 | INFO     | F1 dropped below 0.7660 at 3 components
2026-01-07 16:26:44 | INFO     | F1 dropped below 0.7660 at 2 components
2026-01-07 16:26:44 | INFO     | 
2026-01-07 16:26:44 | INFO     | Frozen Model Summary:
2026-01-07 16:26:44 | INFO     |   Baseline F1: 0.8660
2026-01-07 16:26:44 | INFO     |   Best PCA F1: 0.8700
2026-01-07 16:26:44 | INFO     |   Performance drop: -0.5%
2026-01-07 16:26:44 | INFO     | 
2026-01-07 16:26:44 | INFO     | ================================================================================
2026-01-07 16:26:44 | INFO     | [SECTION 2: OPTUNA-TUNED] Dataset: creditcard
2026-01-07 16:26:44 | INFO     | ================================================================================
2026-01-07 16:26:44 | INFO     | Running Optuna optimization (30 trials per config)
2026-01-07 16:26:45 | INFO     | Dataset shape: (284807, 30)
2026-01-07 16:26:45 | INFO     | Original features: 30
2026-01-07 16:26:45 | INFO     | Tuning hyperparameters for ALL ORIGINAL FEATURES...
2026-01-07 16:26:58 | INFO     | Baseline: F1=0.8447 | AUC=0.9711 | Acc=0.9994
2026-01-07 16:26:58 | INFO     | Testing 16 PCA configurations...
2026-01-07 16:26:58 | INFO     | Optimizing for 27 components...
2026-01-07 16:27:12 | INFO     | Optimizing for 24 components...
2026-01-07 16:27:25 | INFO     | Optimizing for 21 components...
2026-01-07 16:27:35 | INFO     | Optimizing for 18 components...
2026-01-07 16:27:45 | INFO     | Optimizing for 16 components...
2026-01-07 16:27:55 | INFO     | Optimizing for 14 components...
2026-01-07 16:28:04 | INFO     | Optimizing for 12 components...
2026-01-07 16:28:13 | INFO     | Optimizing for 10 components...
2026-01-07 16:28:21 | INFO     | Optimizing for 9 components...
2026-01-07 16:28:28 | INFO     | Optimizing for 8 components...
2026-01-07 16:28:37 | INFO     | Optimizing for 7 components...
2026-01-07 16:28:44 | INFO     | Optimizing for 6 components...
2026-01-07 16:28:50 | INFO     | Optimizing for 5 components...
2026-01-07 16:28:56 | INFO     | F1 dropped below 0.7447, stopping
2026-01-07 16:28:56 | INFO     | 
2026-01-07 16:28:56 | INFO     | Tuned Model Summary:
2026-01-07 16:28:56 | INFO     |   Baseline F1: 0.8447
2026-01-07 16:28:56 | INFO     |   Best PCA F1: 0.8713
2026-01-07 16:28:56 | INFO     |   Performance drop: -3.2%
2026-01-07 16:28:56 | INFO     | 
2026-01-07 16:28:56 | INFO     | ================================================================================
2026-01-07 16:28:56 | INFO     | Generating plots and reports...
2026-01-07 16:28:56 | INFO     | ================================================================================
2026-01-07 16:28:57 | INFO     | Saved plot to: pca_results/creditcard/pca_summary_creditcard.png
2026-01-07 16:28:57 | INFO     | Saved JSON report to: pca_results/creditcard/pca_report_creditcard.json
