2026-01-13 18:09:49 | INFO     | Logging to: score/logs/pca_analysis_20260113_180949.log
2026-01-13 18:09:49 | INFO     | ================================================================================
2026-01-13 18:09:50 | WARNING  | ⚠ GPU not available - XGBoost not compiled with GPU support
2026-01-13 18:09:50 | INFO     |   Install GPU-enabled XGBoost with: pip install xgboost-gpu-cu12
2026-01-13 18:09:50 | INFO     |   Then reinstall or rebuild xgboost with GPU support enabled
2026-01-13 18:09:50 | INFO     | Parallelization: Using 32 CPU cores
2026-01-13 18:09:50 | INFO     | Minimum recall threshold: 90% of baseline
2026-01-13 18:09:50 | INFO     | F2 weight: 70%, Time weight: 30%
2026-01-13 18:09:50 | INFO     | 
2026-01-13 18:09:50 | INFO     | ################################################################################
2026-01-13 18:09:50 | INFO     | Processing dataset: application_data
2026-01-13 18:09:50 | INFO     | ################################################################################
2026-01-13 18:09:50 | INFO     | 
2026-01-13 18:09:50 | INFO     | ================================================================================
2026-01-13 18:09:50 | INFO     | [SECTION 1: FROZEN MODEL] Dataset: application_data
2026-01-13 18:09:50 | INFO     | ================================================================================
2026-01-13 18:09:51 | INFO     | Dataset shape: (307511, 121)
2026-01-13 18:09:51 | INFO     | Original features: 121
2026-01-13 18:09:51 | INFO     | Using frozen default hyperparameters
2026-01-13 18:09:51 | INFO     | Testing with ALL ORIGINAL FEATURES...
2026-01-13 18:09:55 | INFO     | Baseline: F1=0.2909 | F2=0.3378 | AUC=0.7472 | Time=3.65s | Recall=0.3784
2026-01-13 18:09:55 | INFO     | Testing 28 PCA configurations...
2026-01-13 18:09:55 | INFO     | Precomputing PCA transformations...
2026-01-13 18:09:59 | INFO     | Running 10 batches in parallel...
2026-01-13 18:10:15 | INFO     | 
2026-01-13 18:10:15 | INFO     | Frozen Model Summary:
2026-01-13 18:10:15 | INFO     |   Baseline F2: 0.3378
2026-01-13 18:10:15 | INFO     |   Best PCA F2: 0.3516
2026-01-13 18:10:15 | INFO     |   Best efficiency score: 0.7000
2026-01-13 18:10:15 | INFO     |   Performance drop: 10.4%
2026-01-13 18:10:15 | INFO     | 
2026-01-13 18:10:15 | INFO     | ================================================================================
2026-01-13 18:10:15 | INFO     | [SECTION 2: OPTUNA-TUNED] Dataset: application_data
2026-01-13 18:10:15 | INFO     | ================================================================================
2026-01-13 18:10:15 | INFO     | Running Optuna optimization (30 trials per config)
2026-01-13 18:10:16 | INFO     | Dataset shape: (307511, 121)
2026-01-13 18:10:17 | INFO     | Original features: 121
2026-01-13 18:10:17 | INFO     | Tuning hyperparameters for ALL ORIGINAL FEATURES...
2026-01-13 18:11:18 | INFO     | Baseline: F1=0.2995 | F2=0.3594 | AUC=0.7503 | Time=7.27s | Recall=0.4147
2026-01-13 18:11:18 | INFO     | Testing 28 PCA configurations...
2026-01-13 18:11:18 | INFO     | Optimizing for 108 components...
2026-01-13 18:12:57 | INFO     | Optimizing for 97 components...
2026-01-13 18:14:33 | INFO     | Optimizing for 87 components...
2026-01-13 18:15:30 | INFO     | Optimizing for 78 components...
2026-01-13 18:17:10 | INFO     | Optimizing for 70 components...
2026-01-13 18:18:13 | INFO     | Optimizing for 63 components...
2026-01-13 18:19:09 | INFO     | Optimizing for 56 components...
2026-01-13 18:19:51 | INFO     | Optimizing for 50 components...
2026-01-13 18:20:22 | INFO     | Optimizing for 45 components...
2026-01-13 18:21:15 | INFO     | Optimizing for 40 components...
2026-01-13 18:21:47 | INFO     | Optimizing for 36 components...
2026-01-13 18:22:11 | INFO     | Optimizing for 32 components...
2026-01-13 18:22:34 | INFO     | Optimizing for 28 components...
2026-01-13 18:22:59 | INFO     | Optimizing for 25 components...
2026-01-13 18:23:19 | INFO     | Optimizing for 22 components...
2026-01-13 18:23:35 | INFO     | Optimizing for 19 components...
2026-01-13 18:23:52 | INFO     | Optimizing for 17 components...
2026-01-13 18:24:05 | INFO     | Optimizing for 15 components...
2026-01-13 18:24:21 | INFO     | Optimizing for 13 components...
2026-01-13 18:24:35 | INFO     | Optimizing for 11 components...
2026-01-13 18:24:50 | INFO     | Optimizing for 9 components...
2026-01-13 18:25:06 | INFO     | Optimizing for 8 components...
2026-01-13 18:25:14 | INFO     | Optimizing for 7 components...
2026-01-13 18:25:23 | INFO     | Optimizing for 6 components...
2026-01-13 18:25:31 | INFO     | Optimizing for 5 components...
2026-01-13 18:25:40 | INFO     | Optimizing for 4 components...
2026-01-13 18:25:46 | INFO     | Optimizing for 3 components...
2026-01-13 18:25:53 | INFO     | Optimizing for 2 components...
2026-01-13 18:25:57 | INFO     | 
2026-01-13 18:25:57 | INFO     | Tuned Model Summary:
2026-01-13 18:25:57 | INFO     |   Baseline F2: 0.3594
2026-01-13 18:25:57 | INFO     |   Best PCA F2: 0.3463
2026-01-13 18:25:57 | INFO     |   Best efficiency score: 0.7576
2026-01-13 18:25:57 | INFO     |   Performance drop: 13.4%
2026-01-13 18:25:57 | INFO     | 
2026-01-13 18:25:57 | INFO     | ################################################################################
2026-01-13 18:25:57 | INFO     | Processing dataset: card_transdata
2026-01-13 18:25:57 | INFO     | ################################################################################
2026-01-13 18:25:57 | INFO     | 
2026-01-13 18:25:57 | INFO     | ================================================================================
2026-01-13 18:25:57 | INFO     | [SECTION 1: FROZEN MODEL] Dataset: card_transdata
2026-01-13 18:25:57 | INFO     | ================================================================================
2026-01-13 18:25:58 | INFO     | Dataset shape: (1000000, 7)
2026-01-13 18:25:58 | INFO     | Original features: 7
2026-01-13 18:25:58 | INFO     | Using frozen default hyperparameters
2026-01-13 18:25:58 | INFO     | Testing with ALL ORIGINAL FEATURES...
2026-01-13 18:26:01 | INFO     | Baseline: F1=0.9669 | F2=0.9786 | AUC=0.9997 | Time=1.82s | Recall=0.9866
2026-01-13 18:26:01 | INFO     | Testing 5 PCA configurations...
2026-01-13 18:26:01 | INFO     | Precomputing PCA transformations...
2026-01-13 18:26:01 | INFO     | Running 2 batches in parallel...
2026-01-13 18:26:10 | INFO     | 
2026-01-13 18:26:10 | INFO     | Frozen Model Summary:
2026-01-13 18:26:10 | INFO     |   Baseline F2: 0.9786
2026-01-13 18:26:10 | INFO     |   Best PCA F2: 0.9772
2026-01-13 18:26:10 | INFO     |   Best efficiency score: 0.6990
2026-01-13 18:26:10 | INFO     |   Performance drop: -1.0%
2026-01-13 18:26:10 | INFO     | 
2026-01-13 18:26:10 | INFO     | ================================================================================
2026-01-13 18:26:10 | INFO     | [SECTION 2: OPTUNA-TUNED] Dataset: card_transdata
2026-01-13 18:26:10 | INFO     | ================================================================================
2026-01-13 18:26:10 | INFO     | Running Optuna optimization (30 trials per config)
2026-01-13 18:26:11 | INFO     | Dataset shape: (1000000, 7)
2026-01-13 18:26:11 | INFO     | Original features: 7
2026-01-13 18:26:11 | INFO     | Tuning hyperparameters for ALL ORIGINAL FEATURES...
2026-01-13 18:26:37 | INFO     | Baseline: F1=0.9926 | F2=0.9928 | AUC=1.0000 | Time=1.73s | Recall=0.9930
2026-01-13 18:26:37 | INFO     | Testing 5 PCA configurations...
2026-01-13 18:26:37 | INFO     | Optimizing for 6 components...
2026-01-13 18:27:05 | INFO     | Optimizing for 5 components...
2026-01-13 18:27:29 | INFO     | Optimizing for 4 components...
2026-01-13 18:27:53 | INFO     | Optimizing for 3 components...
2026-01-13 18:28:23 | INFO     | Optimizing for 2 components...
2026-01-13 18:28:45 | INFO     | 
2026-01-13 18:28:45 | INFO     | Tuned Model Summary:
2026-01-13 18:28:45 | INFO     |   Baseline F2: 0.9928
2026-01-13 18:28:45 | INFO     |   Best PCA F2: 0.9937
2026-01-13 18:28:45 | INFO     |   Best efficiency score: 0.7000
2026-01-13 18:28:45 | INFO     |   Performance drop: 0.3%
2026-01-13 18:28:45 | INFO     | 
2026-01-13 18:28:45 | INFO     | ################################################################################
2026-01-13 18:28:45 | INFO     | Processing dataset: creditcard
2026-01-13 18:28:45 | INFO     | ################################################################################
2026-01-13 18:28:45 | INFO     | 
2026-01-13 18:28:45 | INFO     | ================================================================================
2026-01-13 18:28:45 | INFO     | [SECTION 1: FROZEN MODEL] Dataset: creditcard
2026-01-13 18:28:45 | INFO     | ================================================================================
2026-01-13 18:28:46 | INFO     | Dataset shape: (284807, 30)
2026-01-13 18:28:46 | INFO     | Original features: 30
2026-01-13 18:28:46 | INFO     | Using frozen default hyperparameters
2026-01-13 18:28:46 | INFO     | Testing with ALL ORIGINAL FEATURES...
2026-01-13 18:28:48 | INFO     | Baseline: F1=0.8660 | F2=0.8251 | AUC=0.9769 | Time=1.14s | Recall=0.8000
2026-01-13 18:28:48 | INFO     | Testing 16 PCA configurations...
2026-01-13 18:28:48 | INFO     | Precomputing PCA transformations...
2026-01-13 18:28:48 | INFO     | Running 6 batches in parallel...
2026-01-13 18:28:53 | INFO     | 
2026-01-13 18:28:53 | INFO     | Frozen Model Summary:
2026-01-13 18:28:53 | INFO     |   Baseline F2: 0.8251
2026-01-13 18:28:53 | INFO     |   Best PCA F2: 0.8447
2026-01-13 18:28:53 | INFO     |   Best efficiency score: 0.7000
2026-01-13 18:28:53 | INFO     |   Performance drop: -0.5%
2026-01-13 18:28:53 | INFO     | 
2026-01-13 18:28:53 | INFO     | ================================================================================
2026-01-13 18:28:53 | INFO     | [SECTION 2: OPTUNA-TUNED] Dataset: creditcard
2026-01-13 18:28:53 | INFO     | ================================================================================
2026-01-13 18:28:53 | INFO     | Running Optuna optimization (30 trials per config)
2026-01-13 18:28:53 | INFO     | Dataset shape: (284807, 30)
2026-01-13 18:28:53 | INFO     | Original features: 30
2026-01-13 18:28:53 | INFO     | Tuning hyperparameters for ALL ORIGINAL FEATURES...
2026-01-13 18:29:08 | INFO     | Baseline: F1=0.9000 | F2=0.8738 | AUC=0.9692 | Time=1.44s | Recall=0.8571
2026-01-13 18:29:08 | INFO     | Testing 16 PCA configurations...
2026-01-13 18:29:08 | INFO     | Optimizing for 27 components...
2026-01-13 18:29:21 | INFO     | Optimizing for 24 components...
2026-01-13 18:29:32 | INFO     | Optimizing for 21 components...
2026-01-13 18:29:43 | INFO     | Optimizing for 18 components...
2026-01-13 18:29:53 | INFO     | Optimizing for 16 components...
2026-01-13 18:30:02 | INFO     | Optimizing for 14 components...
2026-01-13 18:30:11 | INFO     | Optimizing for 12 components...
2026-01-13 18:30:19 | INFO     | Optimizing for 10 components...
2026-01-13 18:30:26 | INFO     | Optimizing for 9 components...
2026-01-13 18:30:34 | INFO     | Optimizing for 8 components...
2026-01-13 18:30:40 | INFO     | Optimizing for 7 components...
2026-01-13 18:30:47 | INFO     | Optimizing for 6 components...
2026-01-13 18:30:54 | INFO     | Optimizing for 5 components...
2026-01-13 18:30:59 | INFO     | Optimizing for 4 components...
2026-01-13 18:31:05 | INFO     | Optimizing for 3 components...
2026-01-13 18:31:11 | INFO     | Optimizing for 2 components...
2026-01-13 18:31:17 | INFO     | 
2026-01-13 18:31:17 | INFO     | Tuned Model Summary:
2026-01-13 18:31:17 | INFO     |   Baseline F2: 0.8738
2026-01-13 18:31:17 | INFO     |   Best PCA F2: 0.8544
2026-01-13 18:31:17 | INFO     |   Best efficiency score: 0.6844
2026-01-13 18:31:17 | INFO     |   Performance drop: 2.2%
2026-01-13 18:31:17 | INFO     | 
2026-01-13 18:31:17 | INFO     | ################################################################################
2026-01-13 18:31:17 | INFO     | Processing dataset: creditcard_sparse
2026-01-13 18:31:17 | INFO     | ################################################################################
2026-01-13 18:31:17 | INFO     | 
2026-01-13 18:31:17 | INFO     | ================================================================================
2026-01-13 18:31:17 | INFO     | [SECTION 1: FROZEN MODEL] Dataset: creditcard_sparse
2026-01-13 18:31:17 | INFO     | ================================================================================
2026-01-13 18:31:17 | INFO     | Dataset shape: (284807, 30)
2026-01-13 18:31:17 | INFO     | Original features: 30
2026-01-13 18:31:17 | INFO     | Using frozen default hyperparameters
2026-01-13 18:31:17 | INFO     | Testing with ALL ORIGINAL FEATURES...
2026-01-13 18:31:18 | INFO     | Baseline: F1=0.7902 | F2=0.7788 | AUC=0.9771 | Time=0.96s | Recall=0.7714
2026-01-13 18:31:18 | INFO     | Testing 16 PCA configurations...
2026-01-13 18:31:18 | INFO     | Precomputing PCA transformations...
2026-01-13 18:31:19 | INFO     | Running 6 batches in parallel...
2026-01-13 18:31:23 | INFO     | 
2026-01-13 18:31:23 | INFO     | Frozen Model Summary:
2026-01-13 18:31:23 | INFO     |   Baseline F2: 0.7788
2026-01-13 18:31:23 | INFO     |   Best PCA F2: 0.7404
2026-01-13 18:31:23 | INFO     |   Best efficiency score: 0.6654
2026-01-13 18:31:23 | INFO     |   Performance drop: 4.9%
2026-01-13 18:31:23 | INFO     | 
2026-01-13 18:31:23 | INFO     | ================================================================================
2026-01-13 18:31:23 | INFO     | [SECTION 2: OPTUNA-TUNED] Dataset: creditcard_sparse
2026-01-13 18:31:23 | INFO     | ================================================================================
2026-01-13 18:31:23 | INFO     | Running Optuna optimization (30 trials per config)
2026-01-13 18:31:24 | INFO     | Dataset shape: (284807, 30)
2026-01-13 18:31:24 | INFO     | Original features: 30
2026-01-13 18:31:24 | INFO     | Tuning hyperparameters for ALL ORIGINAL FEATURES...
2026-01-13 18:31:36 | INFO     | Baseline: F1=0.8057 | F2=0.8080 | AUC=0.9738 | Time=1.27s | Recall=0.8095
2026-01-13 18:31:36 | INFO     | Testing 16 PCA configurations...
2026-01-13 18:31:36 | INFO     | Optimizing for 27 components...
2026-01-13 18:31:48 | INFO     | Optimizing for 24 components...
2026-01-13 18:32:00 | INFO     | Optimizing for 21 components...
2026-01-13 18:32:09 | INFO     | Optimizing for 18 components...
2026-01-13 18:32:21 | INFO     | Optimizing for 16 components...
2026-01-13 18:32:31 | INFO     | Optimizing for 14 components...
2026-01-13 18:32:39 | INFO     | Optimizing for 12 components...
2026-01-13 18:32:48 | INFO     | Optimizing for 10 components...
2026-01-13 18:32:55 | INFO     | Optimizing for 9 components...
2026-01-13 18:33:02 | INFO     | Optimizing for 8 components...
2026-01-13 18:33:10 | INFO     | Optimizing for 7 components...
2026-01-13 18:33:15 | INFO     | Optimizing for 6 components...
2026-01-13 18:33:21 | INFO     | Optimizing for 5 components...
2026-01-13 18:33:26 | INFO     | Optimizing for 4 components...
2026-01-13 18:33:32 | INFO     | Optimizing for 3 components...
2026-01-13 18:33:39 | INFO     | Optimizing for 2 components...
2026-01-13 18:33:46 | INFO     | 
2026-01-13 18:33:46 | INFO     | Tuned Model Summary:
2026-01-13 18:33:46 | INFO     |   Baseline F2: 0.8080
2026-01-13 18:33:46 | INFO     |   Best PCA F2: 0.7707
2026-01-13 18:33:46 | INFO     |   Best efficiency score: 0.7559
2026-01-13 18:33:46 | INFO     |   Performance drop: 2.7%
2026-01-13 18:33:46 | INFO     | 
2026-01-13 18:33:46 | INFO     | ################################################################################
2026-01-13 18:33:46 | INFO     | Processing dataset: small
2026-01-13 18:33:46 | INFO     | ################################################################################
2026-01-13 18:33:46 | INFO     | 
2026-01-13 18:33:46 | INFO     | ================================================================================
2026-01-13 18:33:46 | INFO     | [SECTION 1: FROZEN MODEL] Dataset: small
2026-01-13 18:33:46 | INFO     | ================================================================================
2026-01-13 18:33:46 | ERROR    | Error running frozen analysis for small: Data file not found: /home/dpip/Desktop/XGBoost_implementation/datasets/small.csv
2026-01-13 18:33:46 | INFO     | 
2026-01-13 18:33:46 | INFO     | ================================================================================
2026-01-13 18:33:46 | INFO     | [SECTION 2: OPTUNA-TUNED] Dataset: small
2026-01-13 18:33:46 | INFO     | ================================================================================
2026-01-13 18:33:46 | INFO     | Running Optuna optimization (30 trials per config)
2026-01-13 18:33:46 | ERROR    | Error running tuned analysis for small: Data file not found: /home/dpip/Desktop/XGBoost_implementation/datasets/small.csv
2026-01-13 18:33:46 | INFO     | 
2026-01-13 18:33:46 | INFO     | ################################################################################
2026-01-13 18:33:46 | INFO     | Processing dataset: synthetic_fraud_dataset
2026-01-13 18:33:46 | INFO     | ################################################################################
2026-01-13 18:33:46 | INFO     | 
2026-01-13 18:33:46 | INFO     | ================================================================================
2026-01-13 18:33:46 | INFO     | [SECTION 1: FROZEN MODEL] Dataset: synthetic_fraud_dataset
2026-01-13 18:33:46 | INFO     | ================================================================================
2026-01-13 18:33:46 | INFO     | Dataset shape: (10000, 9)
2026-01-13 18:33:46 | INFO     | Original features: 9
2026-01-13 18:33:46 | INFO     | Using frozen default hyperparameters
2026-01-13 18:33:46 | INFO     | Testing with ALL ORIGINAL FEATURES...
2026-01-13 18:33:46 | INFO     | Baseline: F1=1.0000 | F2=1.0000 | AUC=1.0000 | Time=0.02s | Recall=1.0000
2026-01-13 18:33:46 | INFO     | Testing 7 PCA configurations...
2026-01-13 18:33:46 | INFO     | Precomputing PCA transformations...
2026-01-13 18:33:46 | INFO     | Running 3 batches in parallel...
2026-01-13 18:33:47 | INFO     | 
2026-01-13 18:33:47 | INFO     | Frozen Model Summary:
2026-01-13 18:33:47 | INFO     |   Baseline F2: 1.0000
2026-01-13 18:33:47 | INFO     |   Best PCA F2: 1.0000
2026-01-13 18:33:47 | INFO     |   Best efficiency score: 1.0000
2026-01-13 18:33:47 | INFO     |   Performance drop: 0.0%
2026-01-13 18:33:47 | INFO     | 
2026-01-13 18:33:47 | INFO     | ================================================================================
2026-01-13 18:33:47 | INFO     | [SECTION 2: OPTUNA-TUNED] Dataset: synthetic_fraud_dataset
2026-01-13 18:33:47 | INFO     | ================================================================================
2026-01-13 18:33:47 | INFO     | Running Optuna optimization (30 trials per config)
2026-01-13 18:33:47 | INFO     | Dataset shape: (10000, 9)
2026-01-13 18:33:47 | INFO     | Original features: 9
2026-01-13 18:33:47 | INFO     | Tuning hyperparameters for ALL ORIGINAL FEATURES...
2026-01-13 18:33:47 | INFO     | Baseline: F1=1.0000 | F2=1.0000 | AUC=1.0000 | Time=0.01s | Recall=1.0000
2026-01-13 18:33:47 | INFO     | Testing 7 PCA configurations...
2026-01-13 18:33:47 | INFO     | Optimizing for 8 components...
2026-01-13 18:33:48 | INFO     | Optimizing for 7 components...
2026-01-13 18:33:48 | INFO     | Optimizing for 6 components...
2026-01-13 18:33:49 | INFO     | Optimizing for 5 components...
2026-01-13 18:33:50 | INFO     | Optimizing for 4 components...
2026-01-13 18:33:50 | INFO     | Optimizing for 3 components...
2026-01-13 18:33:51 | INFO     | Optimizing for 2 components...
2026-01-13 18:33:52 | INFO     | 
2026-01-13 18:33:52 | INFO     | Tuned Model Summary:
2026-01-13 18:33:52 | INFO     |   Baseline F2: 1.0000
2026-01-13 18:33:52 | INFO     |   Best PCA F2: 0.9829
2026-01-13 18:33:52 | INFO     |   Best efficiency score: 0.6880
2026-01-13 18:33:52 | INFO     |   Performance drop: 1.1%
2026-01-13 18:33:52 | INFO     | 
2026-01-13 18:33:52 | INFO     | ================================================================================
2026-01-13 18:33:52 | INFO     | Generating plots and reports...
2026-01-13 18:33:52 | INFO     | ================================================================================
2026-01-13 18:33:52 | INFO     | Saved plot to: score/application_data/pca_summary_application_data.png
2026-01-13 18:33:52 | INFO     | Saved JSON report to: score/application_data/pca_report_application_data.json
2026-01-13 18:33:52 | INFO     | Saved plot to: score/card_transdata/pca_summary_card_transdata.png
2026-01-13 18:33:52 | INFO     | Saved JSON report to: score/card_transdata/pca_report_card_transdata.json
2026-01-13 18:33:53 | INFO     | Saved plot to: score/creditcard/pca_summary_creditcard.png
2026-01-13 18:33:53 | INFO     | Saved JSON report to: score/creditcard/pca_report_creditcard.json
2026-01-13 18:33:53 | INFO     | Saved plot to: score/creditcard_sparse/pca_summary_creditcard_sparse.png
2026-01-13 18:33:53 | INFO     | Saved JSON report to: score/creditcard_sparse/pca_report_creditcard_sparse.json
2026-01-13 18:33:54 | INFO     | Saved plot to: score/synthetic_fraud_dataset/pca_summary_synthetic_fraud_dataset.png
2026-01-13 18:33:54 | INFO     | Saved JSON report to: score/synthetic_fraud_dataset/pca_report_synthetic_fraud_dataset.json
