2026-01-13 18:33:55 | INFO     | Logging to: score/logs/pca_analysis_20260113_183355.log
2026-01-13 18:33:55 | INFO     | ================================================================================
2026-01-13 18:33:55 | WARNING  | ⚠ GPU not available - XGBoost not compiled with GPU support
2026-01-13 18:33:55 | INFO     |   Install GPU-enabled XGBoost with: pip install xgboost-gpu-cu12
2026-01-13 18:33:55 | INFO     |   Then reinstall or rebuild xgboost with GPU support enabled
2026-01-13 18:33:55 | INFO     | Parallelization: Using 32 CPU cores
2026-01-13 18:33:55 | INFO     | Minimum recall threshold: 90% of baseline
2026-01-13 18:33:55 | INFO     | F2 weight: 70%, Time weight: 30%
2026-01-13 18:33:55 | INFO     | 
2026-01-13 18:33:55 | INFO     | ################################################################################
2026-01-13 18:33:55 | INFO     | Processing dataset: GAMETES_Epistasis_2_Way_1000atts_0.4H_EDM_1_EDM_1_1
2026-01-13 18:33:55 | INFO     | ################################################################################
2026-01-13 18:33:55 | INFO     | 
2026-01-13 18:33:55 | INFO     | ================================================================================
2026-01-13 18:33:55 | INFO     | [SECTION 1: FROZEN MODEL] Dataset: GAMETES_Epistasis_2_Way_1000atts_0.4H_EDM_1_EDM_1_1
2026-01-13 18:33:55 | INFO     | ================================================================================
2026-01-13 18:33:56 | INFO     | Dataset shape: (1600, 1000)
2026-01-13 18:33:56 | INFO     | Original features: 1000
2026-01-13 18:33:56 | INFO     | Using frozen default hyperparameters
2026-01-13 18:33:56 | INFO     | Testing with ALL ORIGINAL FEATURES...
2026-01-13 18:33:56 | INFO     | Baseline: F1=0.6325 | F2=0.8114 | AUC=0.4881 | Time=0.07s | Recall=1.0000
2026-01-13 18:33:56 | INFO     | Testing 48 PCA configurations...
2026-01-13 18:33:56 | INFO     | Precomputing PCA transformations...
2026-01-13 18:34:00 | INFO     | Running 16 batches in parallel...
2026-01-13 18:34:03 | INFO     | 
2026-01-13 18:34:03 | INFO     | Frozen Model Summary:
2026-01-13 18:34:03 | INFO     |   Baseline F2: 0.8114
2026-01-13 18:34:03 | INFO     |   Best PCA F2: 0.8159
2026-01-13 18:34:03 | INFO     |   Best efficiency score: 0.7827
2026-01-13 18:34:03 | INFO     |   Performance drop: -1.1%
2026-01-13 18:34:03 | INFO     | 
2026-01-13 18:34:03 | INFO     | ================================================================================
2026-01-13 18:34:03 | INFO     | [SECTION 2: OPTUNA-TUNED] Dataset: GAMETES_Epistasis_2_Way_1000atts_0.4H_EDM_1_EDM_1_1
2026-01-13 18:34:03 | INFO     | ================================================================================
2026-01-13 18:34:03 | INFO     | Running Optuna optimization (30 trials per config)
2026-01-13 18:34:03 | INFO     | Dataset shape: (1600, 1000)
2026-01-13 18:34:03 | INFO     | Original features: 1000
2026-01-13 18:34:03 | INFO     | Tuning hyperparameters for ALL ORIGINAL FEATURES...
2026-01-13 18:34:04 | INFO     | Baseline: F1=0.6395 | F2=0.7966 | AUC=0.5618 | Time=0.18s | Recall=0.9527
2026-01-13 18:34:04 | INFO     | Testing 48 PCA configurations...
2026-01-13 18:34:04 | INFO     | Optimizing for 900 components...
2026-01-13 18:34:23 | INFO     | Optimizing for 810 components...
2026-01-13 18:34:35 | INFO     | Optimizing for 729 components...
2026-01-13 18:34:41 | INFO     | Optimizing for 656 components...
2026-01-13 18:34:50 | INFO     | Optimizing for 590 components...
2026-01-13 18:35:00 | INFO     | Optimizing for 531 components...
2026-01-13 18:35:10 | INFO     | Optimizing for 477 components...
2026-01-13 18:35:17 | INFO     | Optimizing for 429 components...
2026-01-13 18:35:28 | INFO     | Optimizing for 386 components...
2026-01-13 18:35:37 | INFO     | Optimizing for 347 components...
2026-01-13 18:35:52 | INFO     | Optimizing for 312 components...
2026-01-13 18:35:55 | INFO     | Optimizing for 280 components...
2026-01-13 18:35:57 | INFO     | Optimizing for 252 components...
2026-01-13 18:36:02 | INFO     | Optimizing for 226 components...
2026-01-13 18:36:04 | INFO     | Optimizing for 203 components...
2026-01-13 18:36:06 | INFO     | Optimizing for 182 components...
2026-01-13 18:36:09 | INFO     | Optimizing for 163 components...
2026-01-13 18:36:11 | INFO     | Optimizing for 146 components...
2026-01-13 18:36:13 | INFO     | Optimizing for 131 components...
2026-01-13 18:36:14 | INFO     | Optimizing for 117 components...
2026-01-13 18:36:15 | INFO     | Optimizing for 105 components...
2026-01-13 18:36:17 | INFO     | Optimizing for 94 components...
2026-01-13 18:36:18 | INFO     | Optimizing for 84 components...
2026-01-13 18:36:20 | INFO     | Optimizing for 75 components...
2026-01-13 18:36:21 | INFO     | Optimizing for 67 components...
2026-01-13 18:36:22 | INFO     | Optimizing for 60 components...
2026-01-13 18:36:23 | INFO     | Optimizing for 54 components...
2026-01-13 18:36:24 | INFO     | Optimizing for 48 components...
2026-01-13 18:36:25 | INFO     | Optimizing for 43 components...
2026-01-13 18:36:25 | INFO     | Optimizing for 38 components...
2026-01-13 18:36:26 | INFO     | Optimizing for 34 components...
2026-01-13 18:36:26 | INFO     | Optimizing for 30 components...
2026-01-13 18:36:27 | INFO     | Optimizing for 27 components...
2026-01-13 18:36:28 | INFO     | Optimizing for 24 components...
2026-01-13 18:36:28 | INFO     | Optimizing for 21 components...
2026-01-13 18:36:29 | INFO     | Optimizing for 18 components...
2026-01-13 18:36:30 | INFO     | Optimizing for 16 components...
2026-01-13 18:36:31 | INFO     | Optimizing for 14 components...
2026-01-13 18:36:31 | INFO     | Optimizing for 12 components...
2026-01-13 18:36:32 | INFO     | Optimizing for 10 components...
2026-01-13 18:36:32 | INFO     | Optimizing for 9 components...
2026-01-13 18:36:33 | INFO     | Optimizing for 8 components...
2026-01-13 18:36:33 | INFO     | Optimizing for 7 components...
2026-01-13 18:36:34 | INFO     | Optimizing for 6 components...
2026-01-13 18:36:35 | INFO     | Optimizing for 5 components...
2026-01-13 18:36:36 | INFO     | Optimizing for 4 components...
2026-01-13 18:36:36 | INFO     | Optimizing for 3 components...
2026-01-13 18:36:37 | INFO     | Optimizing for 2 components...
2026-01-13 18:36:38 | INFO     | 
2026-01-13 18:36:38 | INFO     | Tuned Model Summary:
2026-01-13 18:36:38 | INFO     |   Baseline F2: 0.7966
2026-01-13 18:36:38 | INFO     |   Best PCA F2: 0.8186
2026-01-13 18:36:38 | INFO     |   Best efficiency score: 0.7000
2026-01-13 18:36:38 | INFO     |   Performance drop: -0.6%
2026-01-13 18:36:38 | INFO     | 
2026-01-13 18:36:38 | INFO     | ################################################################################
2026-01-13 18:36:38 | INFO     | Processing dataset: application_data
2026-01-13 18:36:38 | INFO     | ################################################################################
2026-01-13 18:36:38 | INFO     | 
2026-01-13 18:36:38 | INFO     | ================================================================================
2026-01-13 18:36:38 | INFO     | [SECTION 1: FROZEN MODEL] Dataset: application_data
2026-01-13 18:36:38 | INFO     | ================================================================================
2026-01-13 18:36:39 | INFO     | Dataset shape: (307511, 121)
2026-01-13 18:36:39 | INFO     | Original features: 121
2026-01-13 18:36:39 | INFO     | Using frozen default hyperparameters
2026-01-13 18:36:39 | INFO     | Testing with ALL ORIGINAL FEATURES...
2026-01-13 18:36:43 | INFO     | Baseline: F1=0.2909 | F2=0.3378 | AUC=0.7472 | Time=3.76s | Recall=0.3784
2026-01-13 18:36:43 | INFO     | Testing 28 PCA configurations...
2026-01-13 18:36:43 | INFO     | Precomputing PCA transformations...
2026-01-13 18:36:48 | INFO     | Running 10 batches in parallel...
2026-01-13 18:37:04 | INFO     | 
2026-01-13 18:37:04 | INFO     | Frozen Model Summary:
2026-01-13 18:37:04 | INFO     |   Baseline F2: 0.3378
2026-01-13 18:37:04 | INFO     |   Best PCA F2: 0.3516
2026-01-13 18:37:04 | INFO     |   Best efficiency score: 0.7000
2026-01-13 18:37:04 | INFO     |   Performance drop: 10.4%
2026-01-13 18:37:04 | INFO     | 
2026-01-13 18:37:04 | INFO     | ================================================================================
2026-01-13 18:37:04 | INFO     | [SECTION 2: OPTUNA-TUNED] Dataset: application_data
2026-01-13 18:37:04 | INFO     | ================================================================================
2026-01-13 18:37:04 | INFO     | Running Optuna optimization (30 trials per config)
2026-01-13 18:37:05 | INFO     | Dataset shape: (307511, 121)
2026-01-13 18:37:05 | INFO     | Original features: 121
2026-01-13 18:37:05 | INFO     | Tuning hyperparameters for ALL ORIGINAL FEATURES...
2026-01-13 18:37:50 | INFO     | Baseline: F1=0.3041 | F2=0.3510 | AUC=0.7565 | Time=3.98s | Recall=0.3913
2026-01-13 18:37:50 | INFO     | Testing 28 PCA configurations...
2026-01-13 18:37:50 | INFO     | Optimizing for 108 components...
2026-01-13 18:39:28 | INFO     | Optimizing for 97 components...
2026-01-13 18:40:38 | INFO     | Optimizing for 87 components...
2026-01-13 18:41:42 | INFO     | Optimizing for 78 components...
2026-01-13 18:42:46 | INFO     | Optimizing for 70 components...
2026-01-13 18:43:31 | INFO     | Optimizing for 63 components...
2026-01-13 18:44:21 | INFO     | Optimizing for 56 components...
2026-01-13 18:45:02 | INFO     | Optimizing for 50 components...
2026-01-13 18:45:50 | INFO     | Optimizing for 45 components...
2026-01-13 18:46:33 | INFO     | Optimizing for 40 components...
2026-01-13 18:47:03 | INFO     | Optimizing for 36 components...
2026-01-13 18:47:27 | INFO     | Optimizing for 32 components...
2026-01-13 18:47:54 | INFO     | Optimizing for 28 components...
2026-01-13 18:48:14 | INFO     | Optimizing for 25 components...
2026-01-13 18:48:33 | INFO     | Optimizing for 22 components...
2026-01-13 18:48:50 | INFO     | Optimizing for 19 components...
2026-01-13 18:49:08 | INFO     | Optimizing for 17 components...
2026-01-13 18:49:24 | INFO     | Optimizing for 15 components...
2026-01-13 18:49:42 | INFO     | Optimizing for 13 components...
2026-01-13 18:49:54 | INFO     | Optimizing for 11 components...
2026-01-13 18:50:04 | INFO     | Optimizing for 9 components...
2026-01-13 18:50:22 | INFO     | Optimizing for 8 components...
2026-01-13 18:50:35 | INFO     | Optimizing for 7 components...
2026-01-13 18:50:43 | INFO     | Optimizing for 6 components...
2026-01-13 18:50:53 | INFO     | Optimizing for 5 components...
2026-01-13 18:51:00 | INFO     | Optimizing for 4 components...
2026-01-13 18:51:07 | INFO     | Optimizing for 3 components...
2026-01-13 18:51:17 | INFO     | Optimizing for 2 components...
2026-01-13 18:51:22 | INFO     | 
2026-01-13 18:51:22 | INFO     | Tuned Model Summary:
2026-01-13 18:51:22 | INFO     |   Baseline F2: 0.3510
2026-01-13 18:51:22 | INFO     |   Best PCA F2: 0.3512
2026-01-13 18:51:22 | INFO     |   Best efficiency score: 0.7000
2026-01-13 18:51:22 | INFO     |   Performance drop: 14.5%
2026-01-13 18:51:22 | INFO     | 
2026-01-13 18:51:22 | INFO     | ################################################################################
2026-01-13 18:51:22 | INFO     | Processing dataset: coil2000
2026-01-13 18:51:22 | INFO     | ################################################################################
2026-01-13 18:51:22 | INFO     | 
2026-01-13 18:51:22 | INFO     | ================================================================================
2026-01-13 18:51:22 | INFO     | [SECTION 1: FROZEN MODEL] Dataset: coil2000
2026-01-13 18:51:22 | INFO     | ================================================================================
2026-01-13 18:51:22 | INFO     | Dataset shape: (9822, 85)
2026-01-13 18:51:22 | INFO     | Original features: 85
2026-01-13 18:51:22 | INFO     | Using frozen default hyperparameters
2026-01-13 18:51:22 | INFO     | Testing with ALL ORIGINAL FEATURES...
2026-01-13 18:51:22 | INFO     | Baseline: F1=0.2033 | F2=0.2632 | AUC=0.7039 | Time=0.05s | Recall=0.3274
2026-01-13 18:51:22 | INFO     | Testing 25 PCA configurations...
2026-01-13 18:51:22 | INFO     | Precomputing PCA transformations...
2026-01-13 18:51:22 | INFO     | Running 9 batches in parallel...
2026-01-13 18:51:24 | INFO     | 
2026-01-13 18:51:24 | INFO     | Frozen Model Summary:
2026-01-13 18:51:24 | INFO     |   Baseline F2: 0.2632
2026-01-13 18:51:24 | INFO     |   Best PCA F2: 0.3122
2026-01-13 18:51:24 | INFO     |   Best efficiency score: 0.7000
2026-01-13 18:51:24 | INFO     |   Performance drop: 5.1%
2026-01-13 18:51:24 | INFO     | 
2026-01-13 18:51:24 | INFO     | ================================================================================
2026-01-13 18:51:24 | INFO     | [SECTION 2: OPTUNA-TUNED] Dataset: coil2000
2026-01-13 18:51:24 | INFO     | ================================================================================
2026-01-13 18:51:24 | INFO     | Running Optuna optimization (30 trials per config)
2026-01-13 18:51:24 | INFO     | Dataset shape: (9822, 85)
2026-01-13 18:51:24 | INFO     | Original features: 85
2026-01-13 18:51:24 | INFO     | Tuning hyperparameters for ALL ORIGINAL FEATURES...
2026-01-13 18:51:25 | INFO     | Baseline: F1=0.2451 | F2=0.2618 | AUC=0.6960 | Time=0.07s | Recall=0.2743
2026-01-13 18:51:25 | INFO     | Testing 25 PCA configurations...
2026-01-13 18:51:25 | INFO     | Optimizing for 76 components...
2026-01-13 18:51:30 | INFO     | Optimizing for 68 components...
2026-01-13 18:51:32 | INFO     | Optimizing for 61 components...
2026-01-13 18:51:36 | INFO     | Optimizing for 54 components...
2026-01-13 18:51:39 | INFO     | Optimizing for 48 components...
2026-01-13 18:51:41 | INFO     | Optimizing for 43 components...
2026-01-13 18:51:44 | INFO     | Optimizing for 38 components...
2026-01-13 18:51:46 | INFO     | Optimizing for 34 components...
2026-01-13 18:51:48 | INFO     | Optimizing for 30 components...
2026-01-13 18:51:51 | INFO     | Optimizing for 27 components...
2026-01-13 18:51:52 | INFO     | Optimizing for 24 components...
2026-01-13 18:51:54 | INFO     | Optimizing for 21 components...
2026-01-13 18:51:56 | INFO     | Optimizing for 18 components...
2026-01-13 18:51:57 | INFO     | Optimizing for 16 components...
2026-01-13 18:51:58 | INFO     | Optimizing for 14 components...
2026-01-13 18:51:59 | INFO     | Optimizing for 12 components...
2026-01-13 18:52:00 | INFO     | Optimizing for 10 components...
2026-01-13 18:52:01 | INFO     | Optimizing for 9 components...
2026-01-13 18:52:02 | INFO     | Optimizing for 8 components...
2026-01-13 18:52:03 | INFO     | Optimizing for 7 components...
2026-01-13 18:52:04 | INFO     | Optimizing for 6 components...
2026-01-13 18:52:05 | INFO     | Optimizing for 5 components...
2026-01-13 18:52:05 | INFO     | Optimizing for 4 components...
2026-01-13 18:52:06 | INFO     | Optimizing for 3 components...
2026-01-13 18:52:07 | INFO     | Optimizing for 2 components...
2026-01-13 18:52:07 | INFO     | 
2026-01-13 18:52:07 | INFO     | Tuned Model Summary:
2026-01-13 18:52:07 | INFO     |   Baseline F2: 0.2618
2026-01-13 18:52:07 | INFO     |   Best PCA F2: 0.3080
2026-01-13 18:52:07 | INFO     |   Best efficiency score: 0.7000
2026-01-13 18:52:07 | INFO     |   Performance drop: 2.2%
2026-01-13 18:52:07 | INFO     | 
2026-01-13 18:52:07 | INFO     | ################################################################################
2026-01-13 18:52:07 | INFO     | Processing dataset: santander
2026-01-13 18:52:07 | INFO     | ################################################################################
2026-01-13 18:52:07 | INFO     | 
2026-01-13 18:52:07 | INFO     | ================================================================================
2026-01-13 18:52:07 | INFO     | [SECTION 1: FROZEN MODEL] Dataset: santander
2026-01-13 18:52:07 | INFO     | ================================================================================
2026-01-13 18:52:09 | INFO     | Dataset shape: (200000, 200)
2026-01-13 18:52:10 | INFO     | Original features: 200
2026-01-13 18:52:10 | INFO     | Using frozen default hyperparameters
2026-01-13 18:52:10 | INFO     | Testing with ALL ORIGINAL FEATURES...
2026-01-13 18:52:16 | INFO     | Baseline: F1=0.4698 | F2=0.4827 | AUC=0.8459 | Time=5.77s | Recall=0.4916
2026-01-13 18:52:16 | INFO     | Testing 33 PCA configurations...
2026-01-13 18:52:16 | INFO     | Precomputing PCA transformations...
2026-01-13 18:52:22 | INFO     | Running 11 batches in parallel...
2026-01-13 18:52:40 | INFO     | 
2026-01-13 18:52:40 | INFO     | Frozen Model Summary:
2026-01-13 18:52:40 | INFO     |   Baseline F2: 0.4827
2026-01-13 18:52:40 | INFO     |   Best PCA F2: 0.5304
2026-01-13 18:52:40 | INFO     |   Best efficiency score: 0.9090
2026-01-13 18:52:40 | INFO     |   Performance drop: -6.8%
2026-01-13 18:52:40 | INFO     | 
2026-01-13 18:52:40 | INFO     | ================================================================================
2026-01-13 18:52:40 | INFO     | [SECTION 2: OPTUNA-TUNED] Dataset: santander
2026-01-13 18:52:40 | INFO     | ================================================================================
2026-01-13 18:52:40 | INFO     | Running Optuna optimization (30 trials per config)
2026-01-13 18:52:42 | INFO     | Dataset shape: (200000, 200)
2026-01-13 18:52:42 | INFO     | Original features: 200
2026-01-13 18:52:42 | INFO     | Tuning hyperparameters for ALL ORIGINAL FEATURES...
2026-01-13 18:55:27 | INFO     | Baseline: F1=0.5058 | F2=0.5174 | AUC=0.8638 | Time=23.70s | Recall=0.5254
2026-01-13 18:55:27 | INFO     | Testing 33 PCA configurations...
2026-01-13 18:55:27 | INFO     | Optimizing for 180 components...
2026-01-13 18:56:43 | INFO     | Optimizing for 162 components...
2026-01-13 18:57:51 | INFO     | Optimizing for 145 components...
2026-01-13 18:59:07 | INFO     | Optimizing for 130 components...
2026-01-13 19:00:13 | INFO     | Optimizing for 117 components...
2026-01-13 19:01:01 | INFO     | Optimizing for 105 components...
2026-01-13 19:01:45 | INFO     | Optimizing for 94 components...
2026-01-13 19:02:44 | INFO     | Optimizing for 84 components...
2026-01-13 19:03:29 | INFO     | Optimizing for 75 components...
2026-01-13 19:04:14 | INFO     | Optimizing for 67 components...
2026-01-13 19:04:45 | INFO     | Optimizing for 60 components...
2026-01-13 19:05:19 | INFO     | Optimizing for 54 components...
2026-01-13 19:05:46 | INFO     | Optimizing for 48 components...
2026-01-13 19:06:23 | INFO     | Optimizing for 43 components...
2026-01-13 19:06:49 | INFO     | Optimizing for 38 components...
2026-01-13 19:07:16 | INFO     | Optimizing for 34 components...
2026-01-13 19:07:31 | INFO     | Optimizing for 30 components...
2026-01-13 19:07:43 | INFO     | Optimizing for 27 components...
2026-01-13 19:07:57 | INFO     | Optimizing for 24 components...
2026-01-13 19:08:06 | INFO     | Optimizing for 21 components...
2026-01-13 19:08:17 | INFO     | Optimizing for 18 components...
2026-01-13 19:08:27 | INFO     | Optimizing for 16 components...
2026-01-13 19:08:35 | INFO     | Optimizing for 14 components...
2026-01-13 19:08:44 | INFO     | Optimizing for 12 components...
2026-01-13 19:08:51 | INFO     | Optimizing for 10 components...
2026-01-13 19:08:58 | INFO     | Optimizing for 9 components...
2026-01-13 19:09:05 | INFO     | Optimizing for 8 components...
2026-01-13 19:09:10 | INFO     | Optimizing for 7 components...
2026-01-13 19:09:17 | INFO     | Optimizing for 6 components...
2026-01-13 19:09:22 | INFO     | Optimizing for 5 components...
2026-01-13 19:09:28 | INFO     | Optimizing for 4 components...
2026-01-13 19:09:33 | INFO     | Optimizing for 3 components...
2026-01-13 19:09:38 | INFO     | Optimizing for 2 components...
2026-01-13 19:09:42 | INFO     | 
2026-01-13 19:09:42 | INFO     | Tuned Model Summary:
2026-01-13 19:09:42 | INFO     |   Baseline F2: 0.5174
2026-01-13 19:09:42 | INFO     |   Best PCA F2: 0.5264
2026-01-13 19:09:42 | INFO     |   Best efficiency score: 0.9939
2026-01-13 19:09:42 | INFO     |   Performance drop: 2.5%
2026-01-13 19:09:42 | INFO     | 
2026-01-13 19:09:42 | INFO     | ================================================================================
2026-01-13 19:09:42 | INFO     | Generating plots and reports...
2026-01-13 19:09:42 | INFO     | ================================================================================
2026-01-13 19:09:43 | INFO     | Saved plot to: score/GAMETES_Epistasis_2_Way_1000atts_0.4H_EDM_1_EDM_1_1/pca_summary_GAMETES_Epistasis_2_Way_1000atts_0.4H_EDM_1_EDM_1_1.png
2026-01-13 19:09:43 | INFO     | Saved JSON report to: score/GAMETES_Epistasis_2_Way_1000atts_0.4H_EDM_1_EDM_1_1/pca_report_GAMETES_Epistasis_2_Way_1000atts_0.4H_EDM_1_EDM_1_1.json
2026-01-13 19:09:43 | INFO     | Saved plot to: score/application_data/pca_summary_application_data.png
2026-01-13 19:09:43 | INFO     | Saved JSON report to: score/application_data/pca_report_application_data.json
2026-01-13 19:09:43 | INFO     | Saved plot to: score/coil2000/pca_summary_coil2000.png
2026-01-13 19:09:43 | INFO     | Saved JSON report to: score/coil2000/pca_report_coil2000.json
2026-01-13 19:09:44 | INFO     | Saved plot to: score/santander/pca_summary_santander.png
2026-01-13 19:09:44 | INFO     | Saved JSON report to: score/santander/pca_report_santander.json
